"../../../Engine/Content/EditorResources/S_Actor.uasset" 0
"../../../Engine/Content/EngineFonts/Roboto.uasset" 1
"../../../Engine/Content/Functions/Engine_MaterialFunctions01/Shading/PowerToRoughness.uasset" 2
"../../../Engine/Content/Functions/Engine_MaterialFunctions01/Shading/ConvertFromDiffSpec.uasset" 3
"../../../Engine/Content/EngineMaterials/DefaultDiffuse.uasset" 4
"../../../Engine/Content/EngineMaterials/DefaultDeferredDecalMaterial.uasset" 5
"../../../Engine/Content/EngineMaterials/DefaultLightFunctionMaterial.uasset" 6
"../../../Engine/Content/Functions/Engine_MaterialFunctions02/Utility/BreakOutFloat2Components.uasset" 7
"../../../Engine/Content/EngineMaterials/DefaultPostProcessMaterial.uasset" 8
"../../../Engine/Content/EngineResources/DefaultTexture.uasset" 9
"../../../Engine/Content/Functions/Engine_MaterialFunctions01/Texturing/ScaleUVsByCenter.uasset" 10
"../../../Engine/Content/Functions/Engine_MaterialFunctions02/ScreenResolution.uasset" 11
"../../../Engine/Content/Functions/Engine_MaterialFunctions02/Texturing/ScreenAlignedUVs.uasset" 12
"../../../Engine/Content/EngineResources/WhiteSquareTexture.uasset" 13
"../../../Engine/Content/EngineMaterials/Widget3DPassThrough.uasset" 14
"../../../Engine/Content/EngineMaterials/Widget3DPassThrough_Translucent.uasset" 15
"../../../Engine/Content/EngineMaterials/Widget3DPassThrough_Translucent_OneSided.uasset" 16
"../../../Engine/Content/EngineMaterials/Widget3DPassThrough_Opaque.uasset" 17
"../../../Engine/Content/EngineMaterials/Widget3DPassThrough_Opaque_OneSided.uasset" 18
"../../../Engine/Content/EngineMaterials/Widget3DPassThrough_Masked.uasset" 19
"../../../Engine/Content/EngineMaterials/Widget3DPassThrough_Masked_OneSided.uasset" 20
"../../../Engine/Content/Maps/Templates/Thumbnails/Default.uasset" 21
"../../../Engine/Content/EditorMaterials/ParticleSystems/PSysThumbnail_NoImage.uasset" 22
"../../../Engine/Content/EditorMaterials/ParticleSystems/PSysThumbnail_OOD.uasset" 23
"../../../Engine/Content/EditorLandscapeResources/DataLayer.uasset" 24
"../../../Engine/Content/EngineDamageTypes/DmgTypeBP_Environmental.uasset" 25
"../../../Engine/Content/EngineMeshes/Sphere.uasset" 26
"../../../Engine/Content/EngineFonts/RobotoDistanceField.uasset" 27
"../../../Engine/Content/EngineMaterials/DefaultTextMaterialOpaque.uasset" 28
"../../../Engine/Content/EditorResources/S_Trigger.uasset" 29
"../../../Engine/Content/EngineResources/GradientTexture0.uasset" 30
"../../../Engine/Content/EngineResources/Black.uasset" 31
"../../../Engine/Content/EditorMaterials/MatineeGroups/MAT_Groups_Float.uasset" 32
"../../../Engine/Content/EditorMaterials/MatineeGroups/MAT_Groups_Director.uasset" 33
"../../../Engine/Content/EditorMaterials/MatineeGroups/MAT_Groups_Event.uasset" 34
"../../../Engine/Content/EditorMaterials/MatineeGroups/MAT_Groups_Anim.uasset" 35
"../../../Engine/Content/EditorMaterials/MatineeGroups/MAT_Groups_Fade.uasset" 36
"../../../Engine/Content/EditorMaterials/MatineeGroups/MAT_Groups_Move.uasset" 37
"../../../Engine/Content/EditorMaterials/MatineeGroups/MAT_Groups_Slomo.uasset" 38
"../../../Engine/Content/EditorMaterials/MatineeGroups/MAT_ColorTrack.uasset" 39
"../../../Engine/Content/EditorMaterials/MAT_Groups_Toggle.uasset" 40
"../../../Engine/Content/EditorMaterials/MatineeGroups/MAT_Groups_AudioMaster.uasset" 41
"../../../Engine/Content/EditorMaterials/MatineeGroups/MAT_Groups_Sound.uasset" 42
"../../../Engine/Content/EditorMaterials/MatineeGroups/MAT_Groups_Vector.uasset" 43
"../../../Engine/Content/EditorMaterials/MAT_Groups_Visibility.uasset" 44
"../../../Engine/Content/EngineResources/DefaultTextureCube.uasset" 45
"../../../Engine/Content/Functions/Engine_MaterialFunctions01/Opacity/CameraDepthFade.uasset" 46
"../../../Engine/Content/EngineMaterials/T_Default_Material_Grid_M.uasset" 47
"../../../Engine/Content/EngineMaterials/T_Default_Material_Grid_N.uasset" 48
"../../../Engine/Content/EngineMaterials/DefaultMaterial.uasset" 49
"../../../Engine/Content/EngineMeshes/Cylinder.uasset" 50
"../../../Engine/Content/EngineTireTypes/DefaultTireType.uasset" 51
"../../../Engine/Content/Tutorial/ContentIntroCurve.uasset" 52
"../../../Engine/Plugins/2D/Paper2D/Content/PlaceholderTextures/DummySpriteTexture.uasset" 53
"../../../Engine/Plugins/2D/Paper2D/Content/DefaultSpriteMaterial.uasset" 54
"../../../Engine/Plugins/2D/Paper2D/Content/MaskedUnlitSpriteMaterial.uasset" 55
"../../../Engine/Plugins/2D/Paper2D/Content/OpaqueUnlitSpriteMaterial.uasset" 56
"../../../Engine/Plugins/2D/Paper2D/Content/DummySprite.uasset" 57
"../../../Engine/Plugins/2D/Paper2D/Content/DefaultPaperTerrainMaterial.uasset" 58
"../../../BET/Content/FirstPersonCPP/Blueprints/FirstPersonCharacter.uasset" 59
"../../../BET/Content/FirstPerson/Textures/FirstPersonCrosshair.uasset" 60
"../../../Engine/Content/EngineMaterials/RemoveSurfaceMaterial.uasset" 61
"../../../Engine/Content/EngineDebugMaterials/DebugMeshMaterial.uasset" 62
"../../../Engine/Content/EngineMaterials/InvalidLightmapSettings.uasset" 63
"../../../Engine/Content/EngineMaterials/M_InvalidLightmapSettings.uasset" 64
"../../../Engine/Content/EditorMaterials/GizmoMaterial.uasset" 65
"../../../Engine/Content/EngineMaterials/Good64x64TilingNoiseHighFreq.uasset" 66
"../../../Engine/Content/EngineMaterials/DefaultBokeh.uasset" 67
"../../../Engine/Content/EngineMaterials/PreintegratedSkinBRDF.uasset" 68
"../../../Engine/Content/EngineMaterials/MiniFont.uasset" 69
"../../../Engine/Content/EngineMaterials/WeightMapPlaceholderTexture.uasset" 70
"../../../Engine/Content/EngineMaterials/DefaultWhiteGrid.uasset" 71
"../../../Engine/Content/EngineMaterials/DefaultPhysicalMaterial.uasset" 72
"../../../Engine/Content/EngineFonts/RobotoTiny.uasset" 73
"../../../Engine/Content/EngineResources/AICON-Red.uasset" 74
"../../../Engine/Content/EngineResources/AICON-Green.uasset" 75
"../../../BET/Content/FirstPerson/Textures/Maps/Props/Tx_closet_BaseColor.uasset" 76
"../../../BET/Content/FirstPerson/Textures/Maps/Props/Tx_kitchenchair2_Normal.uasset" 77
"../../../BET/Content/FirstPerson/Textures/Maps/Props/Tx_Pipe01_Opacity_or_xtra.uasset" 78
"../../../BET/Content/FirstPerson/Textures/Maps/Props/Tx_kitchenchair2_Opacity_or_xtra.uasset" 79
"../../../BET/Content/FirstPerson/Textures/Maps/Props/TX_switch1_BaseColor.uasset" 80
"../../../BET/Content/FirstPerson/Textures/Maps/Props/Tx_Pipe02_Normal.uasset" 81
"../../../BET/Content/FirstPerson/Lighting/ThreeLobeUmbrella.uasset" 82
"../../../BET/Content/FirstPerson/Textures/Maps/Props/Tx_movingboxM_Normal.uasset" 83
"../../../BET/Content/FirstPerson/Textures/Maps/Props/Tx_kitchenchair2_BaseColor.uasset" 84
"../../../BET/Content/FirstPerson/Textures/Maps/Props/Tx_metalshelf_Normal.uasset" 85
"../../../BET/Content/FirstPerson/Textures/Maps/Props/Tx_BR_Mirror_Opacity_or_xtra.uasset" 86
"../../../BET/Content/FirstPerson/Textures/Maps/Environment/Seamless_stone_texture_OCC.uasset" 87
"../../../BET/Content/FirstPerson/Lighting/Vee.uasset" 88
"../../../BET/Content/FirstPerson/Lighting/Overhead.uasset" 89
"../../../BET/Content/FirstPerson/Textures/Maps/Props/Tx_officechair_BaseColor.uasset" 90
"../../../BET/Content/FirstPerson/Textures/Maps/Props/Tx_towelrack_Normal.uasset" 91
"../../../BET/Content/FirstPerson/Textures/Maps/Props/Tx_movingboxL_BaseColor.uasset" 92
"../../../BET/Content/FirstPerson/Textures/Maps/Props/Tx_Pipe03_BaseColor.uasset" 93
"../../../BET/Content/FirstPerson/Textures/Maps/Props/Tx_Pipe02_Opacity_or_xtra.uasset" 94
"../../../BET/Content/FirstPerson/Textures/Maps/Props/Tx_Pipe03_Normal.uasset" 95
"../../../BET/Content/FirstPerson/Textures/Maps/Props/Tx_movingboxL_Opacity_or_xtra.uasset" 96
"../../../BET/Content/FirstPerson/Textures/Maps/Environment/Seamless_stone_texture_DISP.uasset" 97
"../../../BET/Content/FirstPerson/Textures/Maps/Props/Tx_metalshelf_BaseColor.uasset" 98
"../../../BET/Content/FirstPerson/Textures/Maps/Props/Tx_kitchenchair_Opacity_or_xtra.uasset" 99
"../../../BET/Content/FirstPerson/Textures/Maps/Props/Tx_BR_sink_Opacity_or_xtra.uasset" 100
"../../../BET/Content/FirstPerson/Textures/Maps/Props/Tx_movingboxM_BaseColor.uasset" 101
"../../../Engine/Content/MobileResources/HUD/MobileHUDButtonFire.uasset" 102
"../../../BET/Content/FirstPerson/Textures/Maps/Props/Tx_officechair_Normal.uasset" 103
"../../../BET/Content/FirstPerson/Textures/Maps/Props/Tx_Supportbeam_BaseColor.uasset" 104
"../../../BET/Content/FirstPerson/Lighting/DefinedDiffuse.uasset" 105
"../../../Engine/Content/MobileResources/HUD/MobileHUDButton2_off.uasset" 106
"../../../BET/Content/FirstPerson/Textures/Maps/Props/Tx_Dr_chair_BaseColor.uasset" 107
"../../../BET/Content/FirstPerson/Textures/Maps/Props/Tx_Dr_chair_Opacity_or_xtra.uasset" 108
"../../../BET/Content/FirstPerson/Textures/Maps/Props/Tx_closet_Opacity_or_xtra.uasset" 109
"../../../BET/Content/FirstPerson/Textures/Maps/Props/Tx_smalltable_BaseColor.uasset" 110
"../../../BET/Content/FirstPerson/Textures/Maps/Props/TX_switch2_Opacity_or_xtra.uasset" 111
"../../../BET/Content/FirstPerson/Textures/Maps/Props/Tx_BR_Mirror_BaseColor.uasset" 112
"../../../BET/Content/FirstPerson/Textures/Maps/Props/TX_switch1_Normal.uasset" 113
"../../../BET/Content/FirstPerson/Textures/Maps/Props/Tx_Pipe02_BaseColor.uasset" 114
"../../../BET/Content/FirstPerson/Textures/Maps/Props/Tx_Dr_Table_Opacity_or_xtra.uasset" 115
"../../../Engine/Content/MobileResources/HUD/MobileHUDDirectionPad2.uasset" 116
"../../../BET/Content/FirstPerson/Textures/Maps/Props/Tx_kitchenchair_Normal.uasset" 117
"../../../Engine/Content/MobileResources/HUD/MobileHUDDirectionPad3.uasset" 118
"../../../BET/Content/FirstPerson/Lighting/ParallelBeam.uasset" 119
"../../../BET/Content/FirstPerson/Textures/Maps/Props/Tx_smalltable_Opacity_or_xtra.uasset" 120
"../../../BET/Content/FirstPerson/Lighting/JellyFish.uasset" 121
"../../../BET/Content/FirstPerson/Textures/Maps/Props/TX_switch2_BaseColor.uasset" 122
"../../../BET/Content/FirstPerson/Lighting/ThreeLobeVee.uasset" 123
"../../../BET/Content/FirstPerson/Textures/Maps/Props/Tx_washingmachine_BaseColor.uasset" 124
"../../../BET/Content/Movies/septagonintro.uasset" 125
"../../../Engine/Content/MobileResources/HUD/VirtualJoystick_Background.uasset" 126
"../../../Engine/Content/MobileResources/HUD/VirtualJoystick_Thumb.uasset" 127
"../../../Engine/Content/MobileResources/HUD/LeftVirtualJoystickOnly.uasset" 128
"../../../BET/Content/FirstPerson/Textures/Maps/Props/Tx_Supportbeam_Normal.uasset" 129
"../../../Engine/Content/MobileResources/HUD/MobileHUDButton1_off.uasset" 130
"../../../BET/Content/FirstPerson/Textures/Maps/Props/Tx_smalltable_Normal.uasset" 131
"../../../BET/Content/FirstPerson/Textures/Maps/Environment/Seamless_stone_texture_NRM.uasset" 132
"../../../BET/Content/FirstPerson/Textures/Maps/Props/Tx_walldivider_BaseColor.uasset" 133
"../../../BET/Content/FirstPerson/Textures/Maps/Props/Tx_Shelf_BaseColor.uasset" 134
"../../../BET/Content/FirstPerson/Lighting/TightFocused.uasset" 135
"../../../BET/Content/FirstPerson/Textures/Maps/Props/Tx_Pipe01_Normal.uasset" 136
"../../../Engine/Content/MobileResources/HUD/MobileHUDDirectionPad.uasset" 137
"../../../BET/Content/FirstPerson/Lighting/MediumScatter.uasset" 138
"../../../BET/Content/FirstPerson/Textures/Maps/Props/Tx_Dr_Table_BaseColor.uasset" 139
"../../../BET/Content/FirstPerson/Textures/Maps/Props/Tx_Shelf_Normal.uasset" 140
"../../../BET/Content/FirstPerson/Textures/Maps/Props/TX_switch2_Normal.uasset" 141
"../../../Engine/Content/MobileResources/HUD/MobileHUDButton3.uasset" 142
"../../../BET/Content/FirstPerson/Textures/Maps/Props/Tx_BR_Mirror_Normal.uasset" 143
"../../../BET/Content/FirstPerson/Textures/Maps/Props/Tx_towelrack_BaseColor.uasset" 144
"../../../BET/Content/FirstPerson/Textures/Maps/Props/Tx_towelrack_Opacity_or_xtra.uasset" 145
"../../../BET/Content/FirstPerson/Textures/Maps/Props/Tx_Dr_Table_Normal.uasset" 146
"../../../BET/Content/FirstPerson/Textures/Maps/Props/Tx_washingmachine_Normal.uasset" 147
"../../../Engine/Content/MobileResources/HUD/T_Castle_ThumbstickInner.uasset" 148
"../../../BET/Content/FirstPerson/Lighting/CylinderNarrow.uasset" 149
"../../../BET/Content/FirstPerson/Lighting/Pear.uasset" 150
"../../../BET/Content/FirstPerson/Textures/Maps/Environment/Seamless_stone_texture_COLOR.uasset" 151
"../../../BET/Content/FirstPerson/Textures/Maps/Props/TX_switch1_Opacity_or_xtra.uasset" 152
"../../../Engine/Content/EditorResources/LightIcons/S_LightError.uasset" 153
"../../../Engine/Content/EditorResources/EmptyActor.uasset" 154
"../../../BET/Content/FirstPerson/AI_animation/Monster_Chase_react_Skeleton.uasset" 155
"../../../BET/Content/FirstPerson/AI_animation/Monster_Idle_PhysicsAsset.uasset" 156
"../../../BET/Content/FirstPerson/AI_animation/Monster_Idle.uasset" 157
"../../../BET/Content/FirstPerson/Audio/FirstPersonTemplateWeaponFire02.uasset" 158
"../../../BET/Content/FirstPersonCPP/Blueprints/CharacterBluePrints/CharacterClarence.uasset" 159
"../../../BET/Content/FirstPersonCPP/Blueprints/CharacterBluePrints/CharacterDennis.uasset" 160
"../../../BET/Content/FirstPersonCPP/Blueprints/CharacterBluePrints/CharacterKim.uasset" 161
"../../../BET/Content/FirstPersonCPP/Blueprints/CharacterBluePrints/CharacterLinda.uasset" 162
"../../../BET/Content/FirstPersonCPP/Blueprints/CharacterBluePrints/CharacterSam.uasset" 163
"../../../BET/Content/FirstPersonCPP/Blueprints/DefaultGamemode.uasset" 164
"../../../BET/Content/FirstPerson/Lighting/Comet.uasset" 165
"../../../BET/Content/FirstPerson/Lighting/ScatterLight.uasset" 166
"../../../BET/Content/FirstPerson/Textures/Maps/Props/Tx_washingmachine_Opacity_or_xtra.uasset" 167
"../../../BET/Content/Geometry/Meshes/CubeMaterial.uasset" 168
"../../../BET/Content/Geometry/Meshes/1M_Cube.uasset" 169
"../../../BET/Content/Geometry/Meshes/1M_Cube_Chamfer.uasset" 170
"../../../BET/Content/Geometry/Meshes/TemplateFloor.uasset" 171
"../../../Engine/Content/MobileResources/HUD/MobileHUDButton1_on.uasset" 172
"../../../Engine/Content/MobileResources/HUD/T_Castle_ThumbstickOutter.uasset" 173
"../../../BET/Content/FirstPerson/Textures/Maps/Props/Tx_BR_sink_BaseColor.uasset" 174
"../../../BET/Content/FirstPerson/Lighting/SoftDisplay.uasset" 175
"../../../BET/Content/FirstPerson/Textures/Maps/Props/Tx_movingboxL_Normal.uasset" 176
"../../../Engine/Content/MobileResources/T_MobileControls_texture.uasset" 177
"../../../BET/Content/FirstPerson/FPWeapon/Mesh/SK_FPGun_PhysicsAsset.uasset" 178
"../../../BET/Content/FirstPerson/Textures/Maps/Environment/Seamless_stone_texture_SPEC.uasset" 179
"../../../BET/Content/FirstPerson/Textures/Maps/Props/Tx_movingboxM_Opacity_or_xtra.uasset" 180
"../../../Engine/Content/EngineMaterials/WorldGridMaterial.uasset" 181
"../../../BET/Content/FirstPerson/Assets/Props/washing_machine.uasset" 182
"../../../BET/Content/FirstPerson/Assets/Weapons/id_1.uasset" 183
"../../../BET/Content/FirstPerson/Assets/Weapons/id_2.uasset" 184
"../../../BET/Content/FirstPerson/Assets/Weapons/Fire_axe.uasset" 185
"../../../BET/Content/FirstPerson/Assets/Weapons/Fire_Poker.uasset" 186
"../../../BET/Content/FirstPerson/Character/Materials/mirror.uasset" 187
"../../../BET/Content/FirstPerson/Lighting/CylinderWide.uasset" 188
"../../../BET/Content/FirstPerson/Lighting/XArrowSoft.uasset" 189
"../../../BET/Content/FirstPerson/Textures/Maps/Props/Tx_officechair_Opacity_or_xtra.uasset" 190
"../../../BET/Content/FirstPerson/Textures/Maps/Props/Tx_workbench_BaseColor.uasset" 191
"../../../BET/Content/FirstPerson/Textures/Maps/Props/Tx_metalshelf_Opacity_or_xtra.uasset" 192
"../../../BET/Content/FirstPerson/Textures/Maps/Props/Tx_walldivider_Normal.uasset" 193
"../../../BET/Content/FirstPerson/Lighting/SoftArrow.uasset" 194
"../../../BET/Content/FirstPerson/Lighting/Defined.uasset" 195
"../../../BET/Content/FirstPerson/Lighting/XArrowDiffuse.uasset" 196
"../../../BET/Content/FirstPerson/Textures/Maps/Props/Tx_Supportbeam_Opacity_or_xtra.uasset" 197
"../../../BET/Content/level1.uasset" 198
"../../../BET/Content/level2.uasset" 199
"../../../BET/Content/level3.uasset" 200
"../../../BET/Content/MiniMapWidget.uasset" 201
"../../../Engine/Content/BasicShapes/BasicShapeMaterial.uasset" 202
"../../../Engine/Content/BasicShapes/Cube.uasset" 203
"../../../BET/Content/FirstPersonCPP/Blueprints/PaintingTeleport.uasset" 204
"../../../BET/Content/PaintingL.uasset" 205
"../../../BET/Content/PaintingTeleport.uasset" 206
"../../../BET/Content/TestInteractable.uasset" 207
"../../../BET/Content/TESTLIGHT.uasset" 208
"../../../Engine/Content/EditorMaterials/PhAT_JointLimitMaterial.uasset" 209
"../../../Engine/Content/EditorMaterials/PreviewShadowIndicator.uasset" 210
"../../../Engine/Content/EditorMaterials/PreviewShadowIndicatorMaterial.uasset" 211
"../../../Engine/Content/EditorResources/BSPVertex.uasset" 212
"../../../Engine/Content/EngineDebugMaterials/HeatmapGradient.uasset" 213
"../../../Engine/Content/EngineDebugMaterials/BoneWeightMaterial.uasset" 214
"../../../Engine/Content/EngineDebugMaterials/GeomMaterial.uasset" 215
"../../../Engine/Content/EngineMaterials/EditorBrushMaterial.uasset" 216
"../../../Engine/Content/EngineMeshes/Cube.uasset" 217
"../../../Engine/Content/MobileResources/T_MobileMenu2.uasset" 218
"../../../Engine/Content/MobileResources/HUD/AnalogHat.uasset" 219
"../../../Engine/Content/MobileResources/HUD/DefaultVirtualJoysticks.uasset" 220
"../../../Engine/Content/MobileResources/HUD/MobileHUDButton2_on.uasset" 221
"../../../Engine/Content/MobileResources/HUD/MobileHUDDirectionStick.uasset" 222
"../../../Engine/Content/Tutorial/Basics/TutorialAssets/icon_tab_Levels_40x.uasset" 223
"../../../Engine/Content/Tutorial/BlueprintTutorials/TutorialAssets/BlueprintInterface_64x.uasset" 224
"../../../Engine/Content/Tutorial/BlueprintTutorials/TutorialAssets/BlueprintMacroLibrary_64x.uasset" 225
"../../../Engine/Content/Tutorial/BlueprintTutorials/TutorialAssets/Blueprint_64x.uasset" 226
"../../../Engine/Content/Tutorial/BlueprintTutorials/TutorialAssets/Tutorial_BP_Interface.uasset" 227
"../../../Engine/Content/Tutorial/Foliage/TutorialAssets/Foliage.uasset" 228
"../../../Engine/Content/Tutorial/Landscape/TutorialAssets/Landscape.uasset" 229
"../../../Engine/Content/Tutorial/Paper2D/TutorialAssets/Paper2DFlipbook_TutorialIcon.uasset" 230
"../../../Engine/Content/Tutorial/Paper2D/TutorialAssets/Paper2DSprite_TutorialIcon.uasset" 231
"../../../Engine/Content/Tutorial/SubEditors/TutorialAssets/icon_Editor_Preferences_General_40x.uasset" 232
"../../../Engine/Content/Tutorial/SubEditors/TutorialAssets/icon_ShowSkeletalMeshes_40x.uasset" 233
"../../../Engine/Content/Tutorial/SubEditors/TutorialAssets/TutorialMaterial.uasset" 234
"../../../Engine/Content/Tutorial/SubEditors/TutorialAssets/T_SmokeSubUV_8X8.uasset" 235
"../../../Engine/Content/Tutorial/SubEditors/TutorialAssets/T_soft_smoke.uasset" 236
"../../../Engine/Content/Tutorial/SubEditors/TutorialAssets/M_smoke_subUV_blackbody.uasset" 237
"../../../Engine/Content/Tutorial/SubEditors/TutorialAssets/TutorialParticleSystem.uasset" 238
"../../../Engine/Content/Tutorial/SubEditors/TutorialAssets/Tutorial_DM.uasset" 239
"../../../BET/Content/FirstPerson/Assets/Props/Cushion_001.uasset" 240
"../../../BET/Content/FirstPerson/Assets/Props/Cushion_002.uasset" 241
"../../../BET/Content/FirstPerson/Assets/Props/Cushion_003.uasset" 242
"../../../BET/Content/FirstPerson/Assets/Props/Lamp1.uasset" 243
"../../../BET/Content/FirstPerson/Assets/Props/Mesh_BedR_LaundryBasket.uasset" 244
"../../../BET/Content/FirstPerson/Assets/Props/Mesh_BM_furnace.uasset" 245
"../../../BET/Content/FirstPerson/Assets/Props/Mesh_BM_MBoxL.uasset" 246
"../../../BET/Content/FirstPerson/Assets/Props/Mesh_BM_MBoxM.uasset" 247
"../../../BET/Content/FirstPerson/Assets/Props/Mesh_BM_Metalshelf.uasset" 248
"../../../BET/Content/FirstPerson/Assets/Props/Mesh_BM_Supportbeam.uasset" 249
"../../../BET/Content/FirstPerson/Assets/Props/Mesh_BM_workbench.uasset" 250
"../../../BET/Content/FirstPerson/Assets/Props/Mesh_BR_Sink.uasset" 251
"../../../BET/Content/FirstPerson/Assets/Props/Mesh_Closet.uasset" 252
"../../../BET/Content/FirstPerson/Assets/Props/Mesh_pipe01.uasset" 253
"../../../BET/Content/FirstPerson/Assets/Props/Mesh_pipe02.uasset" 254
"../../../BET/Content/FirstPerson/Assets/Props/Mesh_pipe03.uasset" 255
"../../../BET/Content/FirstPerson/Assets/Props/Mesh_Smalltable.uasset" 256
"../../../BET/Content/FirstPerson/Assets/Props/Mesh_Table.uasset" 257
"../../../BET/Content/FirstPerson/Assets/Props/Mesh_TableCloth.uasset" 258
"../../../BET/Content/FirstPerson/Assets/Props/Mesh_walldivider.uasset" 259
"../../../BET/Content/FirstPerson/Assets/Props/Mesh_window01.uasset" 260
"../../../BET/Content/FirstPerson/Assets/Props/PILLOW2.uasset" 261
"../../../BET/Content/FirstPerson/FPWeapon/Materials/MaterialLayers/ML_Plastic_Shiny_Beige_LOGO.uasset" 262
"../../../BET/Content/FirstPerson/FPWeapon/Materials/MaterialLayers/T_ML_FineRubber.uasset" 263
"../../../BET/Content/FirstPerson/Lighting/AreaLight.uasset" 264
"../../../BET/Content/FirstPerson/Lighting/Bollard.uasset" 265
"../../../BET/Content/FirstPerson/Lighting/DefinedSpot.uasset" 266
"../../../BET/Content/FirstPerson/Lighting/Display.uasset" 267
"../../../BET/Content/FirstPerson/Lighting/Round.uasset" 268
"../../../BET/Content/FirstPerson/Lighting/Umbrella.uasset" 269
"../../../BET/Content/FirstPerson/Textures/Maps/Props/Tx_BR_sink_Normal.uasset" 270
"../../../BET/Content/FirstPerson/Textures/Maps/Props/Tx_Dr_chair_Normal.uasset" 271
"../../../BET/Content/FirstPerson/Textures/Maps/Props/Tx_Pipe03_Opacity_or_xtra.uasset" 272
"../../../BET/Content/FirstPerson/Textures/Maps/Props/Tx_Shelf_Opacity_or_xtra.uasset" 273
"../../../BET/Content/FirstPerson/Textures/Maps/Props/Tx_walldivider_Opacity_or_xtra.uasset" 274
"../../../BET/Content/FirstPerson/Textures/Maps/Props/Tx_workbench_Normal.uasset" 275
"../../../BET/Content/FirstPerson/Textures/Maps/Props/Tx_workbench_Opacity_or_xtra.uasset" 276
"../../../BET/Content/FirstPerson/Textures/Maps/Environment/BrickLargeDirty_COLOR.uasset" 277
"../../../BET/Content/FirstPerson/Textures/Maps/Environment/BrickLargeDirty_NRM.uasset" 278
"../../../BET/Content/FirstPerson/Textures/Maps/Environment/BrickLargeDirty_OCC.uasset" 279
"../../../BET/Content/FirstPerson/Textures/Maps/Environment/BrickLargeDirty_SPEC.uasset" 280
"../../../BET/Content/FirstPerson/Textures/Material/environment/brick_Wall1.uasset" 281
"../../../BET/Content/FirstPerson/Textures/Maps/Environment/Seamless_floor_concrete_stone_block_tiles_texture_COLOR.uasset" 282
"../../../BET/Content/FirstPerson/Textures/Maps/Environment/Seamless_floor_concrete_stone_block_tiles_texture_NRM.uasset" 283
"../../../BET/Content/FirstPerson/Textures/Maps/Environment/Seamless_floor_concrete_stone_block_tiles_texture_OCC.uasset" 284
"../../../BET/Content/FirstPerson/Textures/Maps/Environment/Seamless_floor_concrete_stone_block_tiles_texture_SPEC.uasset" 285
"../../../BET/Content/FirstPerson/Textures/Material/environment/Tile_floor1.uasset" 286
"../../../BET/Content/GlassPaneDoor.uasset" 287
"../../../BET/Content/Door.uasset" 288
"../../../BET/Content/FirstPerson/Assets/Weapons/Meat_cleaver.uasset" 289
"../../../BET/Content/FirstPerson/Assets/Weapons/01_-_Default.uasset" 290
"../../../BET/Content/FirstPerson/Assets/Weapons/Pool_cue.uasset" 291
"../../../BET/Content/FirstPerson/Assets/Weapons/03_-_Default.uasset" 292
"../../../BET/Content/FirstPerson/Assets/Weapons/id1.uasset" 293
"../../../BET/Content/FirstPerson/Assets/Weapons/Shovel_unwrapped.uasset" 294
"../../../BET/Content/FirstPersonCPP/Maps/birdseyeterrace.umap" 295
"../../../BET/Content/FirstPersonCPP/Maps/NewWorld.umap" 296
"../../../Engine/Content/EngineMaterials/DefaultNormal.uasset" 297
"../../../Engine/Content/Maps/Entry.umap" 298
"../../../BET/Content/FirstPerson/AI_animation/Monster_Chase_loop_Anim.uasset" 299
"../../../BET/Content/FirstPerson/AI_animation/Monster_Chase_react_Anim.uasset" 300
"../../../BET/Content/FirstPerson/AI_animation/Monster_Idle_Anim.uasset" 301
"../../../BET/Content/FirstPerson/AI_animation/Monster_blend.uasset" 302
"../../../BET/Content/FirstPerson/AI_animation/Monster_Blueprint.uasset" 303
"../../../BET/Content/AICharacter/AIState.uasset" 304
"../../../BET/Content/AICharacter/AICharacter_Blackboard.uasset" 305
"../../../BET/Content/AICharacter/BTS_VisionCheck.uasset" 306
"../../../BET/Content/AICharacter/BTT_DestroyMemory.uasset" 307
"../../../BET/Content/AICharacter/BTT_SetWalkSpeed.uasset" 308
"../../../BET/Content/AICharacter/BTT_WanderToPoint.uasset" 309
"../../../BET/Content/AICharacter/AICharacter_BehaviourTree.uasset" 310
"../../../BET/Content/AICharacter/AICharacter_Controller.uasset" 311
"../../../BET/Content/FirstPersonCPP/Blueprints/AICharacter.uasset" 312
"../../../Engine/Content/EditorBlueprintResources/StandardMacros.uasset" 313
"../../../Engine/Content/EngineSky/C_Sky_Cloud_Color.uasset" 314
"../../../Engine/Content/EngineSky/C_Sky_Horizon_Color.uasset" 315
"../../../Engine/Content/EngineSky/C_Sky_Zenith_Color.uasset" 316
"../../../Engine/Content/EngineSky/T_Sky_Blue.uasset" 317
"../../../Engine/Content/EngineSky/T_Sky_Clouds_M.uasset" 318
"../../../Engine/Content/EngineSky/T_Sky_Stars.uasset" 319
"../../../Engine/Content/EngineSky/M_Sky_Panning_Clouds2.uasset" 320
"../../../Engine/Content/EngineSky/SM_SkySphere.uasset" 321
"../../../Engine/Content/EngineSky/BP_Sky_Sphere.uasset" 322
"../../../BET/Content/FirstPersonCPP/Blueprints/GlassPaneDoor.uasset" 323
"../../../BET/Content/FirstPerson/Assets/Props/Bookshelf_Unwrapped.uasset" 324
"../../../BET/Content/FirstPersonCPP/Blueprints/SecretPassage.uasset" 325
"../../../BET/Content/FirstPerson/Assets/Weapons/19_-_Default.uasset" 326
"../../../BET/Content/FirstPerson/Assets/Weapons/20_-_Default.uasset" 327
"../../../BET/Content/FirstPerson/Assets/Weapons/BaseballBat.uasset" 328
"../../../BET/Content/winCondition.uasset" 329
"../../../BET/Content/FirstPerson/Textures/Maps/Environment/DefaultMaterial_Base_Color.uasset" 330
"../../../BET/Content/FirstPerson/Textures/Maps/Environment/DefaultMaterial_Height.uasset" 331
"../../../BET/Content/FirstPerson/Textures/Maps/Environment/DefaultMaterial_Metallic.uasset" 332
"../../../BET/Content/FirstPerson/Textures/Maps/Environment/DefaultMaterial_Normal_OpenGL.uasset" 333
"../../../BET/Content/FirstPerson/Textures/Maps/Environment/DefaultMaterial_Roughness.uasset" 334
"../../../BET/Content/FirstPerson/Textures/Material/environment/BBW_Tiles.uasset" 335
"../../../BET/Content/FirstPerson/Textures/Maps/Environment/TilesSmall0130_1_S_NRM.uasset" 336
"../../../BET/Content/FirstPerson/Textures/Maps/Environment/TilesSmall0130_1_S_OCC.uasset" 337
"../../../BET/Content/FirstPerson/Textures/Maps/Environment/TilesSmall0130_1_S_SPEC.uasset" 338
"../../../BET/Content/FirstPerson/Textures/Material/environment/Round_tiles.uasset" 339
"../../../BET/Content/FirstPerson/Textures/Maps/Environment/Smoothed_Concrete_Grey_Holed_Plaster_UV_CM_1_NRM.uasset" 340
"../../../BET/Content/FirstPerson/Textures/Maps/Environment/Smoothed_Concrete_Grey_Holed_Plaster_UV_CM_1_OCC.uasset" 341
"../../../BET/Content/FirstPerson/Textures/Maps/Environment/Smoothed_Concrete_Grey_Holed_Plaster_UV_CM_1_SPEC.uasset" 342
"../../../BET/Content/FirstPerson/Textures/Material/environment/Wall.uasset" 343
"../../../BET/Content/FirstPerson/Textures/Material/environment/Wall2.uasset" 344
"../../../BET/Content/FirstPerson/Textures/Material/environment/Wall3.uasset" 345
"../../../BET/Content/FirstPerson/Textures/Maps/Environment/Smoothed_Concrete_Grey_Holed_Plaster_UV_CM_1_COLOR.uasset" 346
"../../../BET/Content/FirstPerson/Textures/Material/environment/Wall4.uasset" 347
"../../../BET/Content/FirstPerson/Textures/Material/environment/wall5.uasset" 348
"../../../BET/Content/FirstPerson/Textures/Material/environment/Wall6.uasset" 349
"../../../BET/Content/FirstPerson/Textures/Maps/Environment/3_dark_parquet_flooring_texture-seamless_bump_COLOR.uasset" 350
"../../../BET/Content/FirstPerson/Textures/Maps/Environment/3_dark_parquet_flooring_texture-seamless_bump_NRM.uasset" 351
"../../../BET/Content/FirstPerson/Textures/Maps/Environment/3_dark_parquet_flooring_texture-seamless_bump_OCC.uasset" 352
"../../../BET/Content/FirstPerson/Textures/Maps/Environment/3_dark_parquet_flooring_texture-seamless_bump_SPEC.uasset" 353
"../../../BET/Content/FirstPerson/Textures/Material/environment/Wood_Floor1.uasset" 354
"../../../BET/Content/FirstPerson/Textures/Maps/Environment/Dbuckley_WoodTxt1.uasset" 355
"../../../BET/Content/FirstPerson/Textures/Maps/Environment/T_Wood_Floor_Walnut__COLOR.uasset" 356
"../../../BET/Content/FirstPerson/Textures/Maps/Environment/T_Wood_Floor_Walnut__NRM.uasset" 357
"../../../BET/Content/FirstPerson/Textures/Maps/Environment/T_Wood_Floor_Walnut__OCC.uasset" 358
"../../../BET/Content/FirstPerson/Textures/Maps/Environment/texture-seamless-wood-tiled.uasset" 359
"../../../BET/Content/FirstPerson/Textures/Material/environment/Wood_Floor2.uasset" 360
"../../../BET/Content/FirstPerson/Textures/Maps/Props/Tx_armoire_BaseColor.uasset" 361
"../../../BET/Content/FirstPerson/Textures/Maps/Props/Tx_armoire_Normal.uasset" 362
"../../../BET/Content/FirstPerson/Textures/Maps/Props/Tx_armoire_Opacity_or_xtra.uasset" 363
"../../../BET/Content/FirstPerson/Textures/Material/Prp_assets/Armoire.uasset" 364
"../../../BET/Content/FirstPerson/Textures/Maps/Props/Tx_vent_BaseColor.uasset" 365
"../../../BET/Content/FirstPerson/Textures/Maps/Props/Tx_vent_Normal.uasset" 366
"../../../BET/Content/FirstPerson/Textures/Material/Prp_assets/Vent.uasset" 367
"../../../BET/Content/FirstPerson/Assets/Props/2_seat.uasset" 368
"../../../BET/Content/FirstPerson/Assets/Props/3Seat.uasset" 369
"../../../BET/Content/FirstPerson/Assets/Props/Bathroom_Sink.uasset" 370
"../../../BET/Content/FirstPerson/Assets/Props/Bed_MB.uasset" 371
"../../../BET/Content/FirstPerson/Assets/Props/Book1.uasset" 372
"../../../BET/Content/FirstPerson/Assets/Props/Book_2.uasset" 373
"../../../BET/Content/FirstPerson/Assets/Props/Book_3.uasset" 374
"../../../BET/Content/FirstPerson/Assets/Props/Cabinet_New_Unwrapped.uasset" 375
"../../../BET/Content/FirstPerson/Assets/Props/Chair2.uasset" 376
"../../../BET/Content/FirstPerson/Assets/Props/Console.uasset" 377
"../../../BET/Content/FirstPerson/Assets/Props/Counter_Top.uasset" 378
"../../../BET/Content/FirstPerson/Assets/Props/Desk.uasset" 379
"../../../BET/Content/FirstPerson/Assets/Props/Desk2.uasset" 380
"../../../BET/Content/FirstPerson/Assets/Props/Dinning_room_table.uasset" 381
"../../../BET/Content/FirstPerson/Assets/Props/Dresser2.uasset" 382
"../../../BET/Content/FirstPerson/Assets/Props/Dresser3.uasset" 383
"../../../BET/Content/FirstPerson/Assets/Props/Dresser_New_Unwrapped.uasset" 384
"../../../BET/Content/FirstPerson/Assets/Props/Fridge.uasset" 385
"../../../BET/Content/FirstPerson/Assets/Props/GarbageCan.uasset" 386
"../../../BET/Content/FirstPerson/Assets/Props/Keyboard.uasset" 387
"../../../BET/Content/FirstPerson/Assets/Props/Kids_Bed_1_final.uasset" 388
"../../../BET/Content/FirstPerson/Assets/Props/kidsbed2_final.uasset" 389
"../../../BET/Content/FirstPerson/Assets/Props/KitchenTable.uasset" 390
"../../../BET/Content/FirstPerson/Assets/Props/Lamp2.uasset" 391
"../../../BET/Content/FirstPerson/Assets/Props/MedicineCabinet.uasset" 392
"../../../BET/Content/FirstPerson/Assets/Props/Mesh_BR_Mirror.uasset" 393
"../../../BET/Content/FirstPerson/Assets/Props/Mesh_BR_Towelrack.uasset" 394
"../../../BET/Content/FirstPerson/Assets/Props/Mesh_Chair.uasset" 395
"../../../BET/Content/FirstPerson/Assets/Props/Mesh_Curtain.uasset" 396
"../../../BET/Content/FirstPerson/Assets/Props/Mesh_kitchenchair.uasset" 397
"../../../BET/Content/FirstPerson/Assets/Props/Mesh_LR_Armoire.uasset" 398
"../../../BET/Content/FirstPerson/Assets/Props/Mesh_OfficeChair.uasset" 399
"../../../BET/Content/FirstPerson/Assets/Props/Mesh_Shelf.uasset" 400
"../../../BET/Content/FirstPerson/Assets/Props/Mesh_Switch01.uasset" 401
"../../../BET/Content/FirstPerson/Assets/Props/Mesh_Switch02.uasset" 402
"../../../BET/Content/FirstPerson/Assets/Props/Mesh_vent.uasset" 403
"../../../BET/Content/FirstPerson/Assets/Props/Mesh_window02.uasset" 404
"../../../BET/Content/FirstPerson/Assets/Props/Microwave.uasset" 405
"../../../BET/Content/FirstPerson/Assets/Props/Monitor.uasset" 406
"../../../BET/Content/FirstPerson/Assets/Props/Oven.uasset" 407
"../../../BET/Content/FirstPerson/Assets/Props/PaintingL.uasset" 408
"../../../BET/Content/FirstPerson/Assets/Props/PaintingM.uasset" 409
"../../../BET/Content/FirstPerson/Assets/Props/PILLOW1.uasset" 410
"../../../BET/Content/FirstPerson/Assets/Props/Shelf.uasset" 411
"../../../BET/Content/FirstPerson/Assets/Props/Shower2.uasset" 412
"../../../BET/Content/FirstPerson/Assets/Props/Small_shelf.uasset" 413
"../../../BET/Content/FirstPerson/Assets/Props/Speakers.uasset" 414
"../../../BET/Content/FirstPerson/Assets/Props/Stool.uasset" 415
"../../../BET/Content/FirstPerson/Assets/Props/Toilet.uasset" 416
"../../../BET/Content/FirstPerson/Assets/Props/Tv.uasset" 417
"../../../BET/Content/FirstPerson/Assets/Props/Vase_Large.uasset" 418
"../../../BET/Content/FirstPerson/Assets/Props/Window.uasset" 419
"../../../BET/Content/FirstPerson/Lighting/DefinedDiffuseSpot.uasset" 420
"../../../BET/Content/FirstPerson/Lighting/TopPost.uasset" 421
"../../../BET/Content/FirstPerson/Lighting/Trapezoid_.uasset" 422
"../../../BET/Content/FirstPerson/Lighting/XArrow.uasset" 423
"../../../BET/Content/FirstPersonCPP/Maps/GameMap.umap" 424
"../../../BET/Content/FirstPersonCPP/Maps/Bet_housefinal.umap" 425
