Log file open, 04/06/16 12:29:01
LogInit:Display: Running engine for game: BET
LogPlatformFile: Not using cached read wrapper
LogInit:Display: RandInit(62567372) SRandInit(62567373).
LogTaskGraph: Started task graph with 4 named threads and 7 total threads.
LogStats: Stats thread started at 0.081071
LogHMD: Can't find Oculus library dev build: is proper Runtime installed? Version: 0.8.0.0
LogInit: Version: 4.11.0-2927265+++UE4+Release-4.11
LogInit: API Version: 2927265
LogInit: Compiled (64-bit): Mar 30 2016 02:13:55
LogInit: Compiled with Visual C++: 19.00.23026.00
LogInit: Build Configuration: Development
LogInit: Branch Name: ++UE4+Release-4.11
LogInit: Command line:  
LogInit: Base directory: C:/Program Files/Epic Games/4.11/Engine/Binaries/Win64/
LogInit: Installed Engine Build: 1
LogInit: Using libcurl 7.41.0
LogInit:  - built for x86_64-pc-win32
LogInit:  - supports SSL with WinSSL
LogInit:  - other features:
LogInit:      CURL_VERSION_SSL
LogInit:      CURL_VERSION_IPV6
LogInit:      CURL_VERSION_ASYNCHDNS
LogInit:      CURL_VERSION_LARGEFILE
LogInit:      CURL_VERSION_IDN
LogInit:  CurlRequestOptions (configurable via config and command line):
LogInit:  - bVerifyPeer = true  - Libcurl will verify peer certificate
LogInit:  - bUseHttpProxy = false  - Libcurl will NOT use HTTP proxy
LogInit:  - bDontReuseConnections = false  - Libcurl will reuse connections
LogInit:  - CertBundlePath = nullptr  - Libcurl will use whatever was configured at build time.
LogInit: Presizing for max 16777216 objects, including 0 objects not considered by GC, pre-allocating 0 bytes for permanent pool.
LogInit: Object subsystem initialized
[2016.04.06-19.29.01:987][  0]LogInit: Selected Device Profile: [Windows]
[2016.04.06-19.29.01:987][  0]LogInit: Applying CVar settings loaded from the selected device profile: [Windows]
[2016.04.06-19.29.02:064][  0]LogInit: Computer: RM139-22
[2016.04.06-19.29.02:064][  0]LogInit: User: darienleesin
[2016.04.06-19.29.02:064][  0]LogInit: CPU Page size=65536, Cores=4
[2016.04.06-19.29.02:064][  0]LogInit: High frequency timer resolution =2.994791 MHz
[2016.04.06-19.29.02:065][  0]LogMemory: Memory total: Physical=8.0GB (8GB approx)
[2016.04.06-19.29.02:065][  0]LogMemory: Platform Memory Stats for Windows
[2016.04.06-19.29.02:065][  0]LogMemory: Process Physical Memory: 310.94 MB used, 310.94 MB peak
[2016.04.06-19.29.02:065][  0]LogMemory: Process Virtual Memory: 314.50 MB used, 314.50 MB peak
[2016.04.06-19.29.02:065][  0]LogMemory: Physical Memory: 4337.67 MB used, 8175.22 MB total
[2016.04.06-19.29.02:065][  0]LogMemory: Virtual Memory: 634.23 MB used, 134217728.00 MB total
[2016.04.06-19.29.02:110][  0]LogTextLocalizationManager: No specific translations for ('en-US') exist, so ('en') translations will be used.
[2016.04.06-19.29.02:532][  0]LogD3D11RHI: D3D11 adapters:
[2016.04.06-19.29.02:534][  0]LogD3D11RHI:    0. 'Microsoft Basic Render Driver' (Feature Level 11_0)
[2016.04.06-19.29.02:534][  0]LogD3D11RHI:       0MB of dedicated video memory, 0MB of dedicated system memory, and 256MB of shared system memory, 1 output[s]
[2016.04.06-19.29.02:535][  0]LogD3D11RHI:    1. 'Microsoft Basic Render Driver' (Feature Level 11_0)
[2016.04.06-19.29.02:535][  0]LogD3D11RHI:       0MB of dedicated video memory, 0MB of dedicated system memory, and 256MB of shared system memory, 0 output[s]
[2016.04.06-19.29.02:535][  0]LogD3D11RHI: Chosen D3D11 Adapter: 0
[2016.04.06-19.29.02:538][  0]LogD3D11RHI: Creating new Direct3DDevice
[2016.04.06-19.29.02:539][  0]LogD3D11RHI:     Adapter Name: Microsoft Basic Render Driver
[2016.04.06-19.29.02:539][  0]LogD3D11RHI:   Driver Version: Unknown (internal Unknown)
[2016.04.06-19.29.02:539][  0]LogD3D11RHI:      Driver Date: Unknown
[2016.04.06-19.29.02:539][  0]LogRHI: Texture pool is 1361 MB (70% of 1945 MB)
[2016.04.06-19.29.02:540][  0]LogD3D11RHI: Async texture creation disabled: no driver support
[2016.04.06-19.29.02:542][  0]LogShaderCompilers: Guid format shader working directory is 16 characters bigger than the processId version (../../../../../../temp/BirdsEyeTerrace/Intermediate/Shaders/WorkingDirectory/200/).
[2016.04.06-19.29.02:542][  0]LogShaderCompilers: Cleaned the shader compiler working directory 'C:/Users/DARIEN~1.LEE/AppData/Local/Temp/UnrealShaderWorkingDir/A98AE0244D3C49F2B7C246BFEC1BFC1E/'.
[2016.04.06-19.29.02:543][  0]LogShaderCompilers:Display: Using Local Shader Compiler.
[2016.04.06-19.29.03:790][  0]LogTemp:Display: Loaded TP AllDesktopTargetPlatform
[2016.04.06-19.29.03:796][  0]LogTemp:Display: Loaded TP WindowsClientTargetPlatform
[2016.04.06-19.29.03:802][  0]LogTemp:Display: Loaded TP WindowsNoEditorTargetPlatform
[2016.04.06-19.29.03:808][  0]LogTemp:Display: Loaded TP WindowsServerTargetPlatform
[2016.04.06-19.29.03:814][  0]LogTemp:Display: Loaded TP WindowsTargetPlatform
[2016.04.06-19.29.03:819][  0]LogTemp:Display: Loaded TP AndroidTargetPlatform
[2016.04.06-19.29.03:823][  0]LogTemp:Display: Loaded TP Android_ASTCTargetPlatform
[2016.04.06-19.29.03:827][  0]LogTemp:Display: Loaded TP Android_ATCTargetPlatform
[2016.04.06-19.29.03:831][  0]LogTemp:Display: Loaded TP Android_DXTTargetPlatform
[2016.04.06-19.29.03:835][  0]LogTemp:Display: Loaded TP Android_ETC1TargetPlatform
[2016.04.06-19.29.03:839][  0]LogTemp:Display: Loaded TP Android_ETC2TargetPlatform
[2016.04.06-19.29.03:847][  0]LogTemp:Display: Loaded TP Android_MultiTargetPlatform
[2016.04.06-19.29.03:847][  0]LogTemp:Display: Loaded TP Android_PVRTCTargetPlatform
[2016.04.06-19.29.03:848][  0]LogTemp:Display: Loaded TP HTML5TargetPlatform
[2016.04.06-19.29.03:870][  0]LogTemp:Display: Loaded TP IOSTargetPlatform
[2016.04.06-19.29.03:873][  0]LogTemp:Display: Loaded TP TVOSTargetPlatform
[2016.04.06-19.29.03:877][  0]LogTemp:Display: Loaded TP LinuxNoEditorTargetPlatform
[2016.04.06-19.29.03:880][  0]LogTemp:Display: Loaded TP LinuxServerTargetPlatform
[2016.04.06-19.29.03:885][  0]LogTemp:Display: Loaded TP LinuxTargetPlatform
[2016.04.06-19.29.03:885][  0]LogTargetPlatformManager:Display: Building Assets For Windows
[2016.04.06-19.29.03:998][  0]LogDerivedDataCache:Display: Max Cache Size: 512 MB
[2016.04.06-19.29.04:060][  0]LogDerivedDataCache: Loaded boot cache 0.06s 48MB C:/Users/darien.lee-sin/AppData/Local/UnrealEngine/4.11/DerivedDataCache/Boot.ddc.
[2016.04.06-19.29.04:060][  0]LogDerivedDataCache:Display: Loaded Boot cache: C:/Users/darien.lee-sin/AppData/Local/UnrealEngine/4.11/DerivedDataCache/Boot.ddc
[2016.04.06-19.29.04:060][  0]LogDerivedDataCache: FDerivedDataBackendGraph:  Pak pak cache file ../../../../../../temp/BirdsEyeTerrace/DerivedDataCache/DDC.ddp not found, will not use a pak cache.
[2016.04.06-19.29.04:060][  0]LogDerivedDataCache: Unable to find inner node Pak for hierarchical cache Hierarchy.
[2016.04.06-19.29.04:060][  0]LogDerivedDataCache: FDerivedDataBackendGraph:  CompressedPak pak cache file ../../../../../../temp/BirdsEyeTerrace/DerivedDataCache/Compressed.ddp not found, will not use a pak cache.
[2016.04.06-19.29.04:060][  0]LogDerivedDataCache: Unable to find inner node CompressedPak for hierarchical cache Hierarchy.
[2016.04.06-19.29.04:080][  0]LogDerivedDataCache:Display: Pak cache opened for reading ../../../Engine/DerivedDataCache/Compressed.ddp.
[2016.04.06-19.29.04:093][  0]LogDerivedDataCache: Using Local data cache path C:/Users/darien.lee-sin/AppData/Local/UnrealEngine/Common/DerivedDataCache: Writable
[2016.04.06-19.29.04:457][  0]LogInit: Selected Device Profile: [Windows]
[2016.04.06-19.29.04:458][  0]LogContentStreaming: Texture pool size is 0.00 MB
[2016.04.06-19.29.04:512][  0]LogMaterial: Uniform references updated for custom material expression Custom.
[2016.04.06-19.29.04:659][  0]LogMeshUtilities: No automatic mesh reduction module available
[2016.04.06-19.29.04:659][  0]LogMeshUtilities: No automatic mesh merging module available
[2016.04.06-19.29.04:659][  0]LogMeshUtilities: No distributed automatic mesh merging module available
[2016.04.06-19.29.04:955][  0]LogUObjectArray: 27672 objects as part of root set at end of initial load.
[2016.04.06-19.29.04:955][  0]LogUObjectAllocator: 5589896 out of 0 bytes used by permanent object pool.
[2016.04.06-19.29.04:955][  0]LogUObjectArray: CloseDisregardForGC: 0/0 objects in disregard for GC pool
[2016.04.06-19.29.04:965][  0]LogInit: WinSock: version 1.1 (2.2), MaxSocks=32767, MaxUdp=65467
[2016.04.06-19.29.05:091][  0]LogSlate: SlateFontCache - WITH_FREETYPE: 1, WITH_HARFBUZZ: 1
[2016.04.06-19.29.05:091][  0]LogSlate: SlateFontCache - WITH_FREETYPE: 1, WITH_HARFBUZZ: 1
[2016.04.06-19.29.05:382][  0]LogStreaming:Warning: Failed to read file '../../../Engine/Content/Editor/Slate/Common/Selection_16x.png' error.
[2016.04.06-19.29.05:382][  0]LogSlate: Could not find file for Slate resource: ../../../Engine/Content/Editor/Slate/Common/Selection_16x.png
[2016.04.06-19.29.05:382][  0]LogStreaming:Warning: Failed to read file '../../../Engine/Content/Editor/Slate/Common/Selection_16x.png' error.
[2016.04.06-19.29.05:382][  0]LogSlate: Could not find file for Slate resource: ../../../Engine/Content/Editor/Slate/Common/Selection_16x.png
[2016.04.06-19.29.05:382][  0]LogStreaming:Warning: Failed to read file '../../../Engine/Content/Editor/Slate/Common/Selection_16x.png' error.
[2016.04.06-19.29.05:383][  0]LogSlate: Could not find file for Slate resource: ../../../Engine/Content/Editor/Slate/Common/Selection_16x.png
[2016.04.06-19.29.06:685][  0]LogUdpMessaging: Initializing bridge on interface 0.0.0.0:0 to multicast group 230.0.0.1:6666.
[2016.04.06-19.29.06:895][  0]LogLinker:Warning: Asset '../../../../../../temp/BirdsEyeTerrace/Content/FirstPerson/Meshes/FirstPersonProjectileMesh.uasset' has been saved with empty engine version. The asset will be loaded but may be incompatible.
[2016.04.06-19.29.07:093][  0]LogAssetRegistry: FAssetRegistry took 0.0224 seconds to start up
[2016.04.06-19.29.07:296][  0]SourceControl: Info Source control is disabled
[2016.04.06-19.29.07:297][  0]SourceControl: Info Source control is disabled
[2016.04.06-19.29.07:308][  0]SourceControl: Info Source control is disabled
[2016.04.06-19.29.07:319][  0]SourceControl: Info Source control is disabled
[2016.04.06-19.29.07:573][  0]LogEngine: Initializing Engine...
[2016.04.06-19.29.07:574][  0]LogHMD: SteamVR failed to initialize.  Err: 110
[2016.04.06-19.29.07:754][  0]LogAIModule: Creating AISystem for world NewWorld
[2016.04.06-19.29.07:759][  0]LogInit: XAudio2 using 'Speakers (2- High Definition Audio Device)' : 2 channels at 48 kHz using 32 bits per sample (channel mask 0x3)
[2016.04.06-19.29.07:771][  0]LogInit: FAudioDevice initialized.
[2016.04.06-19.29.07:810][  0]LogDerivedDataCache: Saved boot cache 0.04s 48MB C:/Users/darien.lee-sin/AppData/Local/UnrealEngine/4.11/DerivedDataCache/Boot.ddc.
[2016.04.06-19.29.07:820][  0]LogInit: Texture streaming: Enabled
[2016.04.06-19.29.07:852][  0]LogInit: Transaction tracking system initialized
[2016.04.06-19.29.07:884][  0]BlueprintLog: New page: Editor Load
[2016.04.06-19.29.08:051][  0]LocalizationService: Info Localization service is disabled
[2016.04.06-19.29.08:324][  0]LogConsoleResponse:Display: 
[2016.04.06-19.29.08:464][  0]LogCook:Display: Max memory allowance for cook 8192mb
[2016.04.06-19.29.08:464][  0]LogCook:Display: Mobile HDR setting 1
[2016.04.06-19.29.08:464][  0]LogCook:Display: Done creating registry. It took  0.00s.
[2016.04.06-19.29.08:541][  0]LogFileCache: Scanning file cache for directory 'C:/temp/BirdsEyeTerrace/Content/' took 0.02s
[2016.04.06-19.29.08:541][  0]SourceControl: Info Source control is disabled
[2016.04.06-19.29.08:541][  0]Cmd: MAP LOAD FILE="../../../../../../temp/BirdsEyeTerrace/Content/FirstPersonCPP/Maps/birdseyeterrace.umap" TEMPLATE=0 SHOWPROGRESS=1 FEATURELEVEL=3
[2016.04.06-19.29.08:542][  0]LightingResults: New page: Lighting Build
[2016.04.06-19.29.08:545][  0]MapCheck: New page: Map Check
[2016.04.06-19.29.08:545][  0]LightingResults: New page: Lighting Build
[2016.04.06-19.29.09:036][  0]LogAIModule: Creating AISystem for world birdseyeterrace
[2016.04.06-19.29.09:070][  0]LogEditorServer: Finished looking for orphan Actors (0.000 secs)
[2016.04.06-19.29.09:071][  0]Cmd: MAP CHECKDEP NOCLEARLOG
[2016.04.06-19.29.09:228][  0]MapCheck: Info Map check complete: 0 Error(s), 0 Warning(s), took 157.443ms to complete.
[2016.04.06-19.29.09:228][  0]LogFileHelpers: Loading map 'birdseyeterrace' took 0.687
[2016.04.06-19.29.09:351][  0]LogCollectionManager: Loaded 0 collections in 0.002202 seconds
[2016.04.06-19.29.09:393][  0]LogFileCache: Scanning file cache for directory 'C:/temp/BirdsEyeTerrace/Saved/Collections/' took 0.01s
[2016.04.06-19.29.09:393][  0]LogFileCache: Scanning file cache for directory 'C:/temp/BirdsEyeTerrace/Content/Developers/darienleesin/Collections/' took 0.01s
[2016.04.06-19.29.09:393][  0]LogFileCache: Scanning file cache for directory 'C:/temp/BirdsEyeTerrace/Content/Collections/' took 0.01s
[2016.04.06-19.29.09:393][  0]LogCollectionManager: Rebuilt the GUID cache for 0 collections in 0.000003 seconds
[2016.04.06-19.29.09:405][  0]LogContentBrowser: Native class hierarchy populated in 0.0122 seconds. Added 2008 classes and 345 folders.
[2016.04.06-19.29.09:409][  0]LogStats: UGameplayTagsManager::ConstructGameplayTagTree: Construct from data asset -  0.000 s
[2016.04.06-19.29.09:410][  0]LogStats: UGameplayTagsManager::ConstructGameplayTagTree: GameplayTagTreeChangedEvent.Broadcast -  0.000 s
[2016.04.06-19.29.09:413][  0]LogContentBrowser: Native class hierarchy updated for 'GameplayTags' in 0.0030 seconds. Added 12 classes and 0 folders.
[2016.04.06-19.29.09:421][  0]LogContentBrowser: Native class hierarchy updated for 'WidgetCarousel' in 0.0031 seconds. Added 0 classes and 0 folders.
[2016.04.06-19.29.09:436][  0]LogContentBrowser: Native class hierarchy updated for 'SuperSearch' in 0.0032 seconds. Added 1 classes and 2 folders.
[2016.04.06-19.29.09:529][  0]LogContentBrowser: Native class hierarchy updated for 'AddContentDialog' in 0.0030 seconds. Added 0 classes and 0 folders.
[2016.04.06-19.29.09:538][  0]LogContentBrowser: Native class hierarchy updated for 'SceneOutliner' in 0.0029 seconds. Added 1 classes and 2 folders.
[2016.04.06-19.29.09:567][  0]LogCrashTracker: Crashtracker disabled due to settings.
[2016.04.06-19.29.09:644][  0]LogContentBrowser: Native class hierarchy updated for 'HierarchicalLODOutliner' in 0.0031 seconds. Added 1 classes and 2 folders.
[2016.04.06-19.29.09:644][  0]LogLoad: Full Startup: 8.65 seconds (BP compile: 0.06 seconds)
[2016.04.06-19.29.09:644][  0]LogExternalProfiler: Found external profiler: VSPerf
[2016.04.06-19.29.09:644][  0]LogExternalProfiler: Using external profiler: VSPerf
[2016.04.06-19.29.09:658][  0]LogOcInput: Can't find Oculus library dev build: is proper Runtime installed? Version: 0.8.0.0
[2016.04.06-19.29.09:781][  0]LogContentStreaming: Texture pool size now 200 MB
[2016.04.06-19.29.10:014][  0]LogRenderer: Reallocating scene render targets to support 1004x660 (Frame:2).
[2016.04.06-19.29.10:673][  1]LogFileCache: Retrieving MD5 hashes for directory 'C:/temp/BirdsEyeTerrace/Content/' took 1.00s
[2016.04.06-19.29.10:884][  2]LogAssetRegistry: Asset discovery search completed in 3.8143 seconds
[2016.04.06-19.29.10:884][  2]LogCollectionManager: Rebuilt the object cache for 0 collections in 0.000001 seconds (found 0 objects)
[2016.04.06-19.29.10:885][  2]LogCollectionManager: Fixed up redirectors for 0 collections in 0.000027 seconds (updated 0 objects)
[2016.04.06-19.29.17:358][ 12]LogD3D11RHI: Timed out while waiting for GPU to catch up. (0.5 s)
[2016.04.06-19.29.19:224][ 19]LogD3D11RHI: Timed out while waiting for GPU to catch up. (0.5 s)
[2016.04.06-19.29.19:897][ 21]LogD3D11RHI: Timed out while waiting for GPU to catch up. (0.5 s)
[2016.04.06-19.29.20:558][ 22]LogD3D11RHI: Timed out while waiting for GPU to catch up. (0.5 s)
[2016.04.06-19.29.27:708][ 47]LogD3D11RHI: Timed out while waiting for GPU to catch up. (0.5 s)
[2016.04.06-19.29.29:344][ 53]LogD3D11RHI: Timed out while waiting for GPU to catch up. (0.5 s)
[2016.04.06-19.29.30:024][ 55]LogD3D11RHI: Timed out while waiting for GPU to catch up. (0.5 s)
[2016.04.06-19.29.31:367][ 59]LogD3D11RHI: Timed out while waiting for GPU to catch up. (0.5 s)
[2016.04.06-19.29.32:355][ 63]LogD3D11RHI: Timed out while waiting for GPU to catch up. (0.5 s)
[2016.04.06-19.29.33:029][ 65]LogD3D11RHI: Timed out while waiting for GPU to catch up. (0.5 s)
[2016.04.06-19.29.33:702][ 67]LogD3D11RHI: Timed out while waiting for GPU to catch up. (0.5 s)
[2016.04.06-19.29.35:056][ 71]LogD3D11RHI: Timed out while waiting for GPU to catch up. (0.5 s)
[2016.04.06-19.29.35:740][ 73]LogD3D11RHI: Timed out while waiting for GPU to catch up. (0.5 s)
[2016.04.06-19.29.36:419][ 75]LogD3D11RHI: Timed out while waiting for GPU to catch up. (0.5 s)
[2016.04.06-19.29.37:783][ 79]LogD3D11RHI: Timed out while waiting for GPU to catch up. (0.5 s)
[2016.04.06-19.29.39:785][ 85]LogD3D11RHI: Timed out while waiting for GPU to catch up. (0.5 s)
[2016.04.06-19.29.40:776][ 89]LogD3D11RHI: Timed out while waiting for GPU to catch up. (0.5 s)
[2016.04.06-19.29.41:465][ 91]LogD3D11RHI: Timed out while waiting for GPU to catch up. (0.5 s)
[2016.04.06-19.29.42:815][ 95]LogD3D11RHI: Timed out while waiting for GPU to catch up. (0.5 s)
[2016.04.06-19.29.43:492][ 97]LogD3D11RHI: Timed out while waiting for GPU to catch up. (0.5 s)
[2016.04.06-19.29.44:165][ 99]LogD3D11RHI: Timed out while waiting for GPU to catch up. (0.5 s)
[2016.04.06-19.29.44:836][100]LogD3D11RHI: Timed out while waiting for GPU to catch up. (0.5 s)
[2016.04.06-19.29.48:615][111]LogD3D11RHI: Timed out while waiting for GPU to catch up. (0.5 s)
[2016.04.06-19.29.50:415][116]LogD3D11RHI: Timed out while waiting for GPU to catch up. (0.5 s)
[2016.04.06-19.29.53:851][132]LogD3D11RHI: Timed out while waiting for GPU to catch up. (0.5 s)
[2016.04.06-19.29.56:912][142]LogD3D11RHI: Timed out while waiting for GPU to catch up. (0.5 s)
[2016.04.06-19.29.57:585][144]LogD3D11RHI: Timed out while waiting for GPU to catch up. (0.5 s)
[2016.04.06-19.29.58:314][146]LogD3D11RHI: Timed out while waiting for GPU to catch up. (0.5 s)
[2016.04.06-19.30.00:066][150]LogD3D11RHI: Timed out while waiting for GPU to catch up. (0.5 s)
[2016.04.06-19.30.01:318][154]LogD3D11RHI: Timed out while waiting for GPU to catch up. (0.5 s)
[2016.04.06-19.30.02:102][156]LogD3D11RHI: Timed out while waiting for GPU to catch up. (0.5 s)
[2016.04.06-19.30.02:771][158]LogD3D11RHI: Timed out while waiting for GPU to catch up. (0.5 s)
[2016.04.06-19.30.16:014][198]LogFactory: FactoryCreateBinary: StaticMesh with FbxFactory (0 0 \\student01-stl\users$\darien.lee-sin\Desktop\Dennis_WB_Run.fbx)
[2016.04.06-19.30.16:195][198]LogFbx: ItemName: GlobalSettings, ItemCount : 1
[2016.04.06-19.30.16:195][198]LogFbx: ItemName: AnimationStack, ItemCount : 1
[2016.04.06-19.30.16:195][198]LogFbx: ItemName: AnimationLayer, ItemCount : 1
[2016.04.06-19.30.16:195][198]LogFbx: ItemName: NodeAttribute, ItemCount : 80
[2016.04.06-19.30.16:195][198]LogFbx: ItemName: Model, ItemCount : 86
[2016.04.06-19.30.16:195][198]LogFbx: ItemName: Geometry, ItemCount : 6
[2016.04.06-19.30.16:195][198]LogFbx: ItemName: Material, ItemCount : 6
[2016.04.06-19.30.16:195][198]LogFbx: ItemName: Texture, ItemCount : 11
[2016.04.06-19.30.16:195][198]LogFbx: ItemName: AnimationCurveNode, ItemCount : 334
[2016.04.06-19.30.16:195][198]LogFbx: ItemName: CollectionExclusive, ItemCount : 2
[2016.04.06-19.30.16:195][198]LogFbx: ItemName: AnimationCurve, ItemCount : 249
[2016.04.06-19.30.16:195][198]LogFbx: ItemName: Pose, ItemCount : 6
[2016.04.06-19.30.16:195][198]LogFbx: ItemName: Deformer, ItemCount : 122
[2016.04.06-19.30.16:195][198]LogFbx: ItemName: Video, ItemCount : 11
[2016.04.06-19.30.16:203][198]LogFbx: Loading FBX Scene from \\student01-stl\users$\darien.lee-sin\Desktop\Dennis_WB_Run.fbx
[2016.04.06-19.30.16:293][198]LogFbx: FBX Scene Loaded Succesfully
[2016.04.06-19.30.20:447][198]LogFbx: Loading FBX Scene from \\student01-stl\users$\darien.lee-sin\Desktop\Dennis_WB_Run.fbx
[2016.04.06-19.30.20:549][198]LogFbx: FBX Scene Loaded Succesfully
[2016.04.06-19.30.20:560][198]LogFbx: =================================================
[2016.04.06-19.30.20:561][198]LogFbx: Dumping Node START [lp_hands004] 
[2016.04.06-19.30.20:561][198]LogFbx: 	Total Deformer Count -828536256.
[2016.04.06-19.30.20:561][198]LogFbx: 		[Node 1]  (Type Skin).
[2016.04.06-19.30.20:561][198]LogFbx: =================================================
[2016.04.06-19.30.20:561][198]LogFbx: 	Attribute () Type (4).
[2016.04.06-19.30.20:561][198]LogFbx: 		[Node Attribute Child 1] lp_hands004 (Type Mesh).
[2016.04.06-19.30.20:561][198]LogFbx: Dumping Node END [lp_hands004]
[2016.04.06-19.30.20:561][198]LogFbx: =================================================
[2016.04.06-19.30.20:561][198]LogFbx: Dumping Node START [lp_eyes] 
[2016.04.06-19.30.20:561][198]LogFbx: 	Total Deformer Count -830272192.
[2016.04.06-19.30.20:561][198]LogFbx: 		[Node 1]  (Type Skin).
[2016.04.06-19.30.20:561][198]LogFbx: =================================================
[2016.04.06-19.30.20:561][198]LogFbx: 	Attribute () Type (4).
[2016.04.06-19.30.20:561][198]LogFbx: 		[Node Attribute Child 1] lp_eyes (Type Mesh).
[2016.04.06-19.30.20:561][198]LogFbx: Dumping Node END [lp_eyes]
[2016.04.06-19.30.20:561][198]LogFbx: =================================================
[2016.04.06-19.30.20:561][198]LogFbx: Dumping Node START [lp_face7] 
[2016.04.06-19.30.20:561][198]LogFbx: 	Total Deformer Count -830272192.
[2016.04.06-19.30.20:561][198]LogFbx: 		[Node 1]  (Type Skin).
[2016.04.06-19.30.20:561][198]LogFbx: =================================================
[2016.04.06-19.30.20:561][198]LogFbx: 	Attribute () Type (4).
[2016.04.06-19.30.20:561][198]LogFbx: 		[Node Attribute Child 1] lp_face7 (Type Mesh).
[2016.04.06-19.30.20:561][198]LogFbx: Dumping Node END [lp_face7]
[2016.04.06-19.30.20:561][198]LogFbx: =================================================
[2016.04.06-19.30.20:561][198]LogFbx: Dumping Node START [lp_hoodie] 
[2016.04.06-19.30.20:561][198]LogFbx: 	Total Deformer Count -828536256.
[2016.04.06-19.30.20:561][198]LogFbx: 		[Node 1]  (Type Skin).
[2016.04.06-19.30.20:561][198]LogFbx: =================================================
[2016.04.06-19.30.20:561][198]LogFbx: 	Attribute () Type (4).
[2016.04.06-19.30.20:561][198]LogFbx: 		[Node Attribute Child 1] lp_hoodie (Type Mesh).
[2016.04.06-19.30.20:561][198]LogFbx: Dumping Node END [lp_hoodie]
[2016.04.06-19.30.20:561][198]LogFbx: =================================================
[2016.04.06-19.30.20:561][198]LogFbx: Dumping Node START [lp_pants] 
[2016.04.06-19.30.20:561][198]LogFbx: 	Total Deformer Count -830272192.
[2016.04.06-19.30.20:561][198]LogFbx: 		[Node 1]  (Type Skin).
[2016.04.06-19.30.20:561][198]LogFbx: =================================================
[2016.04.06-19.30.20:561][198]LogFbx: 	Attribute () Type (4).
[2016.04.06-19.30.20:561][198]LogFbx: 		[Node Attribute Child 1] lp_pants (Type Mesh).
[2016.04.06-19.30.20:561][198]LogFbx: Dumping Node END [lp_pants]
[2016.04.06-19.30.20:561][198]LogFbx: =================================================
[2016.04.06-19.30.20:561][198]LogFbx: Dumping Node START [dennis] 
[2016.04.06-19.30.20:561][198]LogFbx: 	Total Deformer Count -830272192.
[2016.04.06-19.30.20:561][198]LogFbx: 		[Node 1]  (Type Skin).
[2016.04.06-19.30.20:561][198]LogFbx: =================================================
[2016.04.06-19.30.20:561][198]LogFbx: 	Attribute () Type (4).
[2016.04.06-19.30.20:561][198]LogFbx: 		[Node Attribute Child 1] dennis (Type Mesh).
[2016.04.06-19.30.20:561][198]LogFbx: Dumping Node END [dennis]
[2016.04.06-19.30.20:562][198]LogFbx: =================================================
[2016.04.06-19.30.20:562][198]LogFbx: Dumping Node START [lp_hands004] 
[2016.04.06-19.30.20:562][198]LogFbx: 	Total Deformer Count -828536256.
[2016.04.06-19.30.20:562][198]LogFbx: 		[Node 1]  (Type Skin).
[2016.04.06-19.30.20:562][198]LogFbx: =================================================
[2016.04.06-19.30.20:562][198]LogFbx: 	Attribute () Type (4).
[2016.04.06-19.30.20:562][198]LogFbx: 		[Node Attribute Child 1] lp_hands004 (Type Mesh).
[2016.04.06-19.30.20:562][198]LogFbx: Dumping Node END [lp_hands004]
[2016.04.06-19.30.20:562][198]LogFbx: =================================================
[2016.04.06-19.30.20:562][198]LogFbx: Dumping Node START [lp_eyes] 
[2016.04.06-19.30.20:562][198]LogFbx: 	Total Deformer Count -830272248.
[2016.04.06-19.30.20:562][198]LogFbx: 		[Node 1]  (Type Skin).
[2016.04.06-19.30.20:563][198]LogFbx: =================================================
[2016.04.06-19.30.20:563][198]LogFbx: 	Attribute () Type (4).
[2016.04.06-19.30.20:563][198]LogFbx: 		[Node Attribute Child 1] lp_eyes (Type Mesh).
[2016.04.06-19.30.20:563][198]LogFbx: Dumping Node END [lp_eyes]
[2016.04.06-19.30.20:563][198]LogFbx: =================================================
[2016.04.06-19.30.20:563][198]LogFbx: Dumping Node START [lp_face7] 
[2016.04.06-19.30.20:563][198]LogFbx: 	Total Deformer Count -830272248.
[2016.04.06-19.30.20:563][198]LogFbx: 		[Node 1]  (Type Skin).
[2016.04.06-19.30.20:563][198]LogFbx: =================================================
[2016.04.06-19.30.20:563][198]LogFbx: 	Attribute () Type (4).
[2016.04.06-19.30.20:563][198]LogFbx: 		[Node Attribute Child 1] lp_face7 (Type Mesh).
[2016.04.06-19.30.20:563][198]LogFbx: Dumping Node END [lp_face7]
[2016.04.06-19.30.20:563][198]LogFbx: =================================================
[2016.04.06-19.30.20:563][198]LogFbx: Dumping Node START [lp_hoodie] 
[2016.04.06-19.30.20:563][198]LogFbx: 	Total Deformer Count -828536256.
[2016.04.06-19.30.20:563][198]LogFbx: 		[Node 1]  (Type Skin).
[2016.04.06-19.30.20:563][198]LogFbx: =================================================
[2016.04.06-19.30.20:563][198]LogFbx: 	Attribute () Type (4).
[2016.04.06-19.30.20:563][198]LogFbx: 		[Node Attribute Child 1] lp_hoodie (Type Mesh).
[2016.04.06-19.30.20:563][198]LogFbx: Dumping Node END [lp_hoodie]
[2016.04.06-19.30.20:563][198]LogFbx: =================================================
[2016.04.06-19.30.20:563][198]LogFbx: Dumping Node START [lp_pants] 
[2016.04.06-19.30.20:563][198]LogFbx: 	Total Deformer Count -830272248.
[2016.04.06-19.30.20:563][198]LogFbx: 		[Node 1]  (Type Skin).
[2016.04.06-19.30.20:563][198]LogFbx: =================================================
[2016.04.06-19.30.20:563][198]LogFbx: 	Attribute () Type (4).
[2016.04.06-19.30.20:563][198]LogFbx: 		[Node Attribute Child 1] lp_pants (Type Mesh).
[2016.04.06-19.30.20:563][198]LogFbx: Dumping Node END [lp_pants]
[2016.04.06-19.30.20:563][198]LogFbx: =================================================
[2016.04.06-19.30.20:563][198]LogFbx: Dumping Node START [dennis] 
[2016.04.06-19.30.20:563][198]LogFbx: 	Total Deformer Count -830272248.
[2016.04.06-19.30.20:563][198]LogFbx: 		[Node 1]  (Type Skin).
[2016.04.06-19.30.20:563][198]LogFbx: =================================================
[2016.04.06-19.30.20:563][198]LogFbx: 	Attribute () Type (4).
[2016.04.06-19.30.20:563][198]LogFbx: 		[Node Attribute Child 1] dennis (Type Mesh).
[2016.04.06-19.30.20:563][198]LogFbx: Dumping Node END [dennis]
[2016.04.06-19.30.20:563][198]LogFbx: =================================================
[2016.04.06-19.30.20:563][198]LogFbx: Dumping Node START [lp_hands004] 
[2016.04.06-19.30.20:563][198]LogFbx: 	Total Deformer Count -828536256.
[2016.04.06-19.30.20:563][198]LogFbx: 		[Node 1]  (Type Skin).
[2016.04.06-19.30.20:563][198]LogFbx: =================================================
[2016.04.06-19.30.20:563][198]LogFbx: 	Attribute () Type (4).
[2016.04.06-19.30.20:563][198]LogFbx: 		[Node Attribute Child 1] lp_hands004 (Type Mesh).
[2016.04.06-19.30.20:563][198]LogFbx: Dumping Node END [lp_hands004]
[2016.04.06-19.30.20:563][198]LogFbx: =================================================
[2016.04.06-19.30.20:563][198]LogFbx: Dumping Node START [lp_eyes] 
[2016.04.06-19.30.20:563][198]LogFbx: 	Total Deformer Count -830272304.
[2016.04.06-19.30.20:563][198]LogFbx: 		[Node 1]  (Type Skin).
[2016.04.06-19.30.20:563][198]LogFbx: =================================================
[2016.04.06-19.30.20:563][198]LogFbx: 	Attribute () Type (4).
[2016.04.06-19.30.20:563][198]LogFbx: 		[Node Attribute Child 1] lp_eyes (Type Mesh).
[2016.04.06-19.30.20:563][198]LogFbx: Dumping Node END [lp_eyes]
[2016.04.06-19.30.20:563][198]LogFbx: =================================================
[2016.04.06-19.30.20:563][198]LogFbx: Dumping Node START [lp_face7] 
[2016.04.06-19.30.20:563][198]LogFbx: 	Total Deformer Count -830272304.
[2016.04.06-19.30.20:563][198]LogFbx: 		[Node 1]  (Type Skin).
[2016.04.06-19.30.20:563][198]LogFbx: =================================================
[2016.04.06-19.30.20:563][198]LogFbx: 	Attribute () Type (4).
[2016.04.06-19.30.20:563][198]LogFbx: 		[Node Attribute Child 1] lp_face7 (Type Mesh).
[2016.04.06-19.30.20:563][198]LogFbx: Dumping Node END [lp_face7]
[2016.04.06-19.30.20:563][198]LogFbx: =================================================
[2016.04.06-19.30.20:563][198]LogFbx: Dumping Node START [lp_hoodie] 
[2016.04.06-19.30.20:563][198]LogFbx: 	Total Deformer Count -828536256.
[2016.04.06-19.30.20:563][198]LogFbx: 		[Node 1]  (Type Skin).
[2016.04.06-19.30.20:563][198]LogFbx: =================================================
[2016.04.06-19.30.20:563][198]LogFbx: 	Attribute () Type (4).
[2016.04.06-19.30.20:563][198]LogFbx: 		[Node Attribute Child 1] lp_hoodie (Type Mesh).
[2016.04.06-19.30.20:563][198]LogFbx: Dumping Node END [lp_hoodie]
[2016.04.06-19.30.20:563][198]LogFbx: =================================================
[2016.04.06-19.30.20:563][198]LogFbx: Dumping Node START [lp_pants] 
[2016.04.06-19.30.20:563][198]LogFbx: 	Total Deformer Count -830272304.
[2016.04.06-19.30.20:563][198]LogFbx: 		[Node 1]  (Type Skin).
[2016.04.06-19.30.20:563][198]LogFbx: =================================================
[2016.04.06-19.30.20:563][198]LogFbx: 	Attribute () Type (4).
[2016.04.06-19.30.20:563][198]LogFbx: 		[Node Attribute Child 1] lp_pants (Type Mesh).
[2016.04.06-19.30.20:563][198]LogFbx: Dumping Node END [lp_pants]
[2016.04.06-19.30.20:563][198]LogFbx: =================================================
[2016.04.06-19.30.20:563][198]LogFbx: Dumping Node START [dennis] 
[2016.04.06-19.30.20:563][198]LogFbx: 	Total Deformer Count -830272304.
[2016.04.06-19.30.20:563][198]LogFbx: 		[Node 1]  (Type Skin).
[2016.04.06-19.30.20:563][198]LogFbx: =================================================
[2016.04.06-19.30.20:563][198]LogFbx: 	Attribute () Type (4).
[2016.04.06-19.30.20:563][198]LogFbx: 		[Node Attribute Child 1] dennis (Type Mesh).
[2016.04.06-19.30.20:563][198]LogFbx: Dumping Node END [dennis]
[2016.04.06-19.30.20:567][198]LogFbx:Warning: Not valid bind pose for Pose (skinCluster1) - Node lp_hands004 : The relative matrices do not match
[2016.04.06-19.30.20:568][198]LogFbx:Warning: Not valid bind pose for Pose (skinCluster1) - Node lp_eyes : The relative matrices do not match
[2016.04.06-19.30.20:570][198]LogFbx:Warning: Not valid bind pose for Pose (skinCluster1) - Node lp_face7 : The relative matrices do not match
[2016.04.06-19.30.20:571][198]LogFbx:Warning: Not valid bind pose for Pose (skinCluster1) - Node lp_hoodie : The relative matrices do not match
[2016.04.06-19.30.20:571][198]LogFbx:Warning: Not valid bind pose for Pose (skinCluster1) - Node lp_pants : The relative matrices do not match
[2016.04.06-19.30.20:572][198]LogFbx:Warning: Not valid bind pose for Pose (skinCluster1) - Node dennis : The relative matrices do not match
[2016.04.06-19.30.20:572][198]LogFbx:Warning: Not valid bind pose for Pose (skinCluster2) - Node lp_hands004 : The relative matrices do not match
[2016.04.06-19.30.20:572][198]LogFbx:Warning: Not valid bind pose for Pose (skinCluster2) - Node lp_eyes : The relative matrices do not match
[2016.04.06-19.30.20:572][198]LogFbx:Warning: Not valid bind pose for Pose (skinCluster2) - Node lp_face7 : The relative matrices do not match
[2016.04.06-19.30.20:573][198]LogFbx:Warning: Not valid bind pose for Pose (skinCluster2) - Node lp_hoodie : The relative matrices do not match
[2016.04.06-19.30.20:573][198]LogFbx:Warning: Not valid bind pose for Pose (skinCluster2) - Node lp_pants : The relative matrices do not match
[2016.04.06-19.30.20:573][198]LogFbx:Warning: Not valid bind pose for Pose (skinCluster2) - Node dennis : The relative matrices do not match
[2016.04.06-19.30.20:573][198]LogFbx:Warning: Not valid bind pose for Pose (skinCluster3) - Node lp_hands004 : The relative matrices do not match
[2016.04.06-19.30.20:573][198]LogFbx:Warning: Not valid bind pose for Pose (skinCluster3) - Node lp_eyes : The relative matrices do not match
[2016.04.06-19.30.20:573][198]LogFbx:Warning: Not valid bind pose for Pose (skinCluster3) - Node lp_face7 : The relative matrices do not match
[2016.04.06-19.30.20:573][198]LogFbx:Warning: Not valid bind pose for Pose (skinCluster3) - Node lp_hoodie : The relative matrices do not match
[2016.04.06-19.30.20:573][198]LogFbx:Warning: Not valid bind pose for Pose (skinCluster3) - Node lp_pants : The relative matrices do not match
[2016.04.06-19.30.20:574][198]LogFbx:Warning: Not valid bind pose for Pose (skinCluster3) - Node dennis : The relative matrices do not match
[2016.04.06-19.30.20:574][198]LogFbx:Warning: Not valid bind pose for Pose (skinCluster4) - Node lp_hands004 : The relative matrices do not match
[2016.04.06-19.30.20:574][198]LogFbx:Warning: Not valid bind pose for Pose (skinCluster4) - Node lp_eyes : The relative matrices do not match
[2016.04.06-19.30.20:575][198]LogFbx:Warning: Not valid bind pose for Pose (skinCluster4) - Node lp_face7 : The relative matrices do not match
[2016.04.06-19.30.20:575][198]LogFbx:Warning: Not valid bind pose for Pose (skinCluster4) - Node lp_hoodie : The relative matrices do not match
[2016.04.06-19.30.20:575][198]LogFbx:Warning: Not valid bind pose for Pose (skinCluster4) - Node lp_pants : The relative matrices do not match
[2016.04.06-19.30.20:576][198]LogFbx:Warning: Not valid bind pose for Pose (skinCluster4) - Node dennis : The relative matrices do not match
[2016.04.06-19.30.20:576][198]LogFbx:Warning: Not valid bind pose for Pose (skinCluster5) - Node lp_hands004 : The relative matrices do not match
[2016.04.06-19.30.20:576][198]LogFbx:Warning: Not valid bind pose for Pose (skinCluster5) - Node lp_eyes : The relative matrices do not match
[2016.04.06-19.30.20:576][198]LogFbx:Warning: Not valid bind pose for Pose (skinCluster5) - Node lp_face7 : The relative matrices do not match
[2016.04.06-19.30.20:576][198]LogFbx:Warning: Not valid bind pose for Pose (skinCluster5) - Node lp_hoodie : The relative matrices do not match
[2016.04.06-19.30.20:576][198]LogFbx:Warning: Not valid bind pose for Pose (skinCluster5) - Node lp_pants : The relative matrices do not match
[2016.04.06-19.30.20:577][198]LogFbx:Warning: Not valid bind pose for Pose (skinCluster5) - Node dennis : The relative matrices do not match
[2016.04.06-19.30.20:577][198]LogFbx:Warning: Not valid bind pose for Pose (skinCluster6) - Node lp_hands004 : The relative matrices do not match
[2016.04.06-19.30.20:577][198]LogFbx:Warning: Not valid bind pose for Pose (skinCluster6) - Node lp_eyes : The relative matrices do not match
[2016.04.06-19.30.20:577][198]LogFbx:Warning: Not valid bind pose for Pose (skinCluster6) - Node lp_face7 : The relative matrices do not match
[2016.04.06-19.30.20:577][198]LogFbx:Warning: Not valid bind pose for Pose (skinCluster6) - Node lp_hoodie : The relative matrices do not match
[2016.04.06-19.30.20:577][198]LogFbx:Warning: Not valid bind pose for Pose (skinCluster6) - Node lp_pants : The relative matrices do not match
[2016.04.06-19.30.20:577][198]LogFbx:Warning: Not valid bind pose for Pose (skinCluster6) - Node dennis : The relative matrices do not match
[2016.04.06-19.30.20:577][198]LogFbx:Warning: Getting valid bind pose failed. Try to recreate bind pose
[2016.04.06-19.30.20:580][198]LogFbx: Valid bind pose for Pose (FbxSDKBindPose) - lp_hands004
[2016.04.06-19.30.20:580][198]LogFbx:Warning: Recreating bind pose succeeded.
[2016.04.06-19.30.20:586][198]LogFbx: Triangulating skeletal mesh lp_eyes
[2016.04.06-19.30.20:750][198]LogFbx: Triangulating skeletal mesh lp_hoodie
[2016.04.06-19.30.21:140][198]LogFbx:Warning: Bones digested - 79  Depth of hierarchy - 16
[2016.04.06-19.30.22:079][198]LogSkeletalMesh: Chunk 0: 14 rigid vertices, 2052 soft vertices, 54 active bones
[2016.04.06-19.30.22:079][198]LogSkeletalMesh: Chunk 1: 0 rigid vertices, 402 soft vertices, 5 active bones
[2016.04.06-19.30.22:080][198]LogSkeletalMesh: Chunk 2: 0 rigid vertices, 5451 soft vertices, 9 active bones
[2016.04.06-19.30.22:080][198]LogSkeletalMesh: Chunk 3: 84 rigid vertices, 940 soft vertices, 25 active bones
[2016.04.06-19.30.22:080][198]LogSkeletalMesh: Chunk 4: 82 rigid vertices, 620 soft vertices, 14 active bones
[2016.04.06-19.30.22:080][198]LogSkeletalMesh: Chunk 5: 117 rigid vertices, 5093 soft vertices, 8 active bones
[2016.04.06-19.30.22:116][198]LogSkeletalMesh: Section 0: Material=0, Chunk=0, 3570 triangles
[2016.04.06-19.30.22:116][198]LogSkeletalMesh: Section 1: Material=1, Chunk=1, 704 triangles
[2016.04.06-19.30.22:116][198]LogSkeletalMesh: Section 2: Material=2, Chunk=2, 10720 triangles
[2016.04.06-19.30.22:116][198]LogSkeletalMesh: Section 3: Material=3, Chunk=3, 1738 triangles
[2016.04.06-19.30.22:116][198]LogSkeletalMesh: Section 4: Material=4, Chunk=4, 1170 triangles
[2016.04.06-19.30.22:116][198]LogSkeletalMesh: Section 5: Material=5, Chunk=5, 8744 triangles
[2016.04.06-19.30.22:131][198]LogLinker:Warning: Can't find file '/Game/FirstPerson/Animations/Dennis/Dennis_WB_Run_PhysicsAsset'
[2016.04.06-19.30.22:131][198]LogLinker:Warning: Can't find file '/Game/FirstPerson/Animations/Dennis/Dennis_WB_Run_PhysicsAsset'
[2016.04.06-19.30.22:131][198]LogUObjectGlobals:Warning: Failed to find object 'Object /Game/FirstPerson/Animations/Dennis/Dennis_WB_Run_PhysicsAsset.Dennis_WB_Run_PhysicsAsset'
[2016.04.06-19.30.22:136][198]LogLinker:Warning: Can't find file '/Game/FirstPerson/Animations/Dennis/Dennis_WB_Run_Skeleton'
[2016.04.06-19.30.22:136][198]LogLinker:Warning: Can't find file '/Game/FirstPerson/Animations/Dennis/Dennis_WB_Run_Skeleton'
[2016.04.06-19.30.22:136][198]LogUObjectGlobals:Warning: Failed to find object 'Object /Game/FirstPerson/Animations/Dennis/Dennis_WB_Run_Skeleton.Dennis_WB_Run_Skeleton'
[2016.04.06-19.30.22:141][198]LogFbx: =================================================
[2016.04.06-19.30.22:141][198]LogFbx: Dumping Node START [lp_hands004] 
[2016.04.06-19.30.22:141][198]LogFbx: 	Total Deformer Count -1056278208.
[2016.04.06-19.30.22:141][198]LogFbx: 		[Node 1]  (Type Skin).
[2016.04.06-19.30.22:141][198]LogFbx: =================================================
[2016.04.06-19.30.22:141][198]LogFbx: 	Attribute () Type (4).
[2016.04.06-19.30.22:141][198]LogFbx: 		[Node Attribute Child 1] lp_hands004 (Type Mesh).
[2016.04.06-19.30.22:141][198]LogFbx: Dumping Node END [lp_hands004]
[2016.04.06-19.30.22:141][198]LogFbx: =================================================
[2016.04.06-19.30.22:141][198]LogFbx: Dumping Node START [lp_eyes] 
[2016.04.06-19.30.22:141][198]LogFbx: 	Total Deformer Count -830261160.
[2016.04.06-19.30.22:141][198]LogFbx: 		[Node 1]  (Type Skin).
[2016.04.06-19.30.22:141][198]LogFbx: =================================================
[2016.04.06-19.30.22:141][198]LogFbx: 	Attribute () Type (4).
[2016.04.06-19.30.22:141][198]LogFbx: 		[Node Attribute Child 1] lp_eyes (Type Mesh).
[2016.04.06-19.30.22:141][198]LogFbx: Dumping Node END [lp_eyes]
[2016.04.06-19.30.22:141][198]LogFbx: =================================================
[2016.04.06-19.30.22:141][198]LogFbx: Dumping Node START [lp_face7] 
[2016.04.06-19.30.22:141][198]LogFbx: 	Total Deformer Count -830261160.
[2016.04.06-19.30.22:141][198]LogFbx: 		[Node 1]  (Type Skin).
[2016.04.06-19.30.22:141][198]LogFbx: =================================================
[2016.04.06-19.30.22:141][198]LogFbx: 	Attribute () Type (4).
[2016.04.06-19.30.22:141][198]LogFbx: 		[Node Attribute Child 1] lp_face7 (Type Mesh).
[2016.04.06-19.30.22:141][198]LogFbx: Dumping Node END [lp_face7]
[2016.04.06-19.30.22:141][198]LogFbx: =================================================
[2016.04.06-19.30.22:141][198]LogFbx: Dumping Node START [lp_hoodie] 
[2016.04.06-19.30.22:141][198]LogFbx: 	Total Deformer Count -1056278208.
[2016.04.06-19.30.22:141][198]LogFbx: 		[Node 1]  (Type Skin).
[2016.04.06-19.30.22:141][198]LogFbx: =================================================
[2016.04.06-19.30.22:141][198]LogFbx: 	Attribute () Type (4).
[2016.04.06-19.30.22:141][198]LogFbx: 		[Node Attribute Child 1] lp_hoodie (Type Mesh).
[2016.04.06-19.30.22:141][198]LogFbx: Dumping Node END [lp_hoodie]
[2016.04.06-19.30.22:141][198]LogFbx: =================================================
[2016.04.06-19.30.22:141][198]LogFbx: Dumping Node START [lp_pants] 
[2016.04.06-19.30.22:141][198]LogFbx: 	Total Deformer Count -830261160.
[2016.04.06-19.30.22:141][198]LogFbx: 		[Node 1]  (Type Skin).
[2016.04.06-19.30.22:141][198]LogFbx: =================================================
[2016.04.06-19.30.22:141][198]LogFbx: 	Attribute () Type (4).
[2016.04.06-19.30.22:141][198]LogFbx: 		[Node Attribute Child 1] lp_pants (Type Mesh).
[2016.04.06-19.30.22:141][198]LogFbx: Dumping Node END [lp_pants]
[2016.04.06-19.30.22:141][198]LogFbx: =================================================
[2016.04.06-19.30.22:141][198]LogFbx: Dumping Node START [dennis] 
[2016.04.06-19.30.22:141][198]LogFbx: 	Total Deformer Count -830261160.
[2016.04.06-19.30.22:141][198]LogFbx: 		[Node 1]  (Type Skin).
[2016.04.06-19.30.22:141][198]LogFbx: =================================================
[2016.04.06-19.30.22:141][198]LogFbx: 	Attribute () Type (4).
[2016.04.06-19.30.22:141][198]LogFbx: 		[Node Attribute Child 1] dennis (Type Mesh).
[2016.04.06-19.30.22:141][198]LogFbx: Dumping Node END [dennis]
[2016.04.06-19.30.22:143][198]LogFbx: =================================================
[2016.04.06-19.30.22:143][198]LogFbx: Dumping Node START [lp_hands004] 
[2016.04.06-19.30.22:143][198]LogFbx: 	Total Deformer Count -1056278208.
[2016.04.06-19.30.22:143][198]LogFbx: 		[Node 1]  (Type Skin).
[2016.04.06-19.30.22:143][198]LogFbx: =================================================
[2016.04.06-19.30.22:143][198]LogFbx: 	Attribute () Type (4).
[2016.04.06-19.30.22:143][198]LogFbx: 		[Node Attribute Child 1] lp_hands004 (Type Mesh).
[2016.04.06-19.30.22:143][198]LogFbx: Dumping Node END [lp_hands004]
[2016.04.06-19.30.22:143][198]LogFbx: =================================================
[2016.04.06-19.30.22:143][198]LogFbx: Dumping Node START [lp_eyes] 
[2016.04.06-19.30.22:143][198]LogFbx: 	Total Deformer Count -830272752.
[2016.04.06-19.30.22:143][198]LogFbx: 		[Node 1]  (Type Skin).
[2016.04.06-19.30.22:143][198]LogFbx: =================================================
[2016.04.06-19.30.22:143][198]LogFbx: 	Attribute () Type (4).
[2016.04.06-19.30.22:143][198]LogFbx: 		[Node Attribute Child 1] lp_eyes (Type Mesh).
[2016.04.06-19.30.22:143][198]LogFbx: Dumping Node END [lp_eyes]
[2016.04.06-19.30.22:143][198]LogFbx: =================================================
[2016.04.06-19.30.22:143][198]LogFbx: Dumping Node START [lp_face7] 
[2016.04.06-19.30.22:143][198]LogFbx: 	Total Deformer Count -830272752.
[2016.04.06-19.30.22:143][198]LogFbx: 		[Node 1]  (Type Skin).
[2016.04.06-19.30.22:143][198]LogFbx: =================================================
[2016.04.06-19.30.22:143][198]LogFbx: 	Attribute () Type (4).
[2016.04.06-19.30.22:143][198]LogFbx: 		[Node Attribute Child 1] lp_face7 (Type Mesh).
[2016.04.06-19.30.22:143][198]LogFbx: Dumping Node END [lp_face7]
[2016.04.06-19.30.22:143][198]LogFbx: =================================================
[2016.04.06-19.30.22:143][198]LogFbx: Dumping Node START [lp_hoodie] 
[2016.04.06-19.30.22:143][198]LogFbx: 	Total Deformer Count -1056278208.
[2016.04.06-19.30.22:143][198]LogFbx: 		[Node 1]  (Type Skin).
[2016.04.06-19.30.22:143][198]LogFbx: =================================================
[2016.04.06-19.30.22:143][198]LogFbx: 	Attribute () Type (4).
[2016.04.06-19.30.22:143][198]LogFbx: 		[Node Attribute Child 1] lp_hoodie (Type Mesh).
[2016.04.06-19.30.22:143][198]LogFbx: Dumping Node END [lp_hoodie]
[2016.04.06-19.30.22:143][198]LogFbx: =================================================
[2016.04.06-19.30.22:143][198]LogFbx: Dumping Node START [lp_pants] 
[2016.04.06-19.30.22:143][198]LogFbx: 	Total Deformer Count -830272752.
[2016.04.06-19.30.22:143][198]LogFbx: 		[Node 1]  (Type Skin).
[2016.04.06-19.30.22:143][198]LogFbx: =================================================
[2016.04.06-19.30.22:143][198]LogFbx: 	Attribute () Type (4).
[2016.04.06-19.30.22:143][198]LogFbx: 		[Node Attribute Child 1] lp_pants (Type Mesh).
[2016.04.06-19.30.22:143][198]LogFbx: Dumping Node END [lp_pants]
[2016.04.06-19.30.22:143][198]LogFbx: =================================================
[2016.04.06-19.30.22:143][198]LogFbx: Dumping Node START [dennis] 
[2016.04.06-19.30.22:143][198]LogFbx: 	Total Deformer Count -830272752.
[2016.04.06-19.30.22:143][198]LogFbx: 		[Node 1]  (Type Skin).
[2016.04.06-19.30.22:143][198]LogFbx: =================================================
[2016.04.06-19.30.22:143][198]LogFbx: 	Attribute () Type (4).
[2016.04.06-19.30.22:143][198]LogFbx: 		[Node Attribute Child 1] dennis (Type Mesh).
[2016.04.06-19.30.22:143][198]LogFbx: Dumping Node END [dennis]
[2016.04.06-19.30.22:143][198]LogFbx: =================================================
[2016.04.06-19.30.22:143][198]LogFbx: Dumping Node START [lp_hands004] 
[2016.04.06-19.30.22:143][198]LogFbx: 	Total Deformer Count -1056278208.
[2016.04.06-19.30.22:143][198]LogFbx: 		[Node 1]  (Type Skin).
[2016.04.06-19.30.22:143][198]LogFbx: =================================================
[2016.04.06-19.30.22:143][198]LogFbx: 	Attribute () Type (4).
[2016.04.06-19.30.22:143][198]LogFbx: 		[Node Attribute Child 1] lp_hands004 (Type Mesh).
[2016.04.06-19.30.22:143][198]LogFbx: Dumping Node END [lp_hands004]
[2016.04.06-19.30.22:143][198]LogFbx: =================================================
[2016.04.06-19.30.22:143][198]LogFbx: Dumping Node START [lp_eyes] 
[2016.04.06-19.30.22:143][198]LogFbx: 	Total Deformer Count -830272808.
[2016.04.06-19.30.22:143][198]LogFbx: 		[Node 1]  (Type Skin).
[2016.04.06-19.30.22:143][198]LogFbx: =================================================
[2016.04.06-19.30.22:143][198]LogFbx: 	Attribute () Type (4).
[2016.04.06-19.30.22:143][198]LogFbx: 		[Node Attribute Child 1] lp_eyes (Type Mesh).
[2016.04.06-19.30.22:143][198]LogFbx: Dumping Node END [lp_eyes]
[2016.04.06-19.30.22:143][198]LogFbx: =================================================
[2016.04.06-19.30.22:143][198]LogFbx: Dumping Node START [lp_face7] 
[2016.04.06-19.30.22:143][198]LogFbx: 	Total Deformer Count -830272808.
[2016.04.06-19.30.22:143][198]LogFbx: 		[Node 1]  (Type Skin).
[2016.04.06-19.30.22:143][198]LogFbx: =================================================
[2016.04.06-19.30.22:143][198]LogFbx: 	Attribute () Type (4).
[2016.04.06-19.30.22:143][198]LogFbx: 		[Node Attribute Child 1] lp_face7 (Type Mesh).
[2016.04.06-19.30.22:143][198]LogFbx: Dumping Node END [lp_face7]
[2016.04.06-19.30.22:143][198]LogFbx: =================================================
[2016.04.06-19.30.22:143][198]LogFbx: Dumping Node START [lp_hoodie] 
[2016.04.06-19.30.22:143][198]LogFbx: 	Total Deformer Count -1056278208.
[2016.04.06-19.30.22:143][198]LogFbx: 		[Node 1]  (Type Skin).
[2016.04.06-19.30.22:143][198]LogFbx: =================================================
[2016.04.06-19.30.22:143][198]LogFbx: 	Attribute () Type (4).
[2016.04.06-19.30.22:143][198]LogFbx: 		[Node Attribute Child 1] lp_hoodie (Type Mesh).
[2016.04.06-19.30.22:143][198]LogFbx: Dumping Node END [lp_hoodie]
[2016.04.06-19.30.22:143][198]LogFbx: =================================================
[2016.04.06-19.30.22:143][198]LogFbx: Dumping Node START [lp_pants] 
[2016.04.06-19.30.22:143][198]LogFbx: 	Total Deformer Count -830272808.
[2016.04.06-19.30.22:143][198]LogFbx: 		[Node 1]  (Type Skin).
[2016.04.06-19.30.22:143][198]LogFbx: =================================================
[2016.04.06-19.30.22:143][198]LogFbx: 	Attribute () Type (4).
[2016.04.06-19.30.22:143][198]LogFbx: 		[Node Attribute Child 1] lp_pants (Type Mesh).
[2016.04.06-19.30.22:143][198]LogFbx: Dumping Node END [lp_pants]
[2016.04.06-19.30.22:143][198]LogFbx: =================================================
[2016.04.06-19.30.22:143][198]LogFbx: Dumping Node START [dennis] 
[2016.04.06-19.30.22:143][198]LogFbx: 	Total Deformer Count -830272808.
[2016.04.06-19.30.22:143][198]LogFbx: 		[Node 1]  (Type Skin).
[2016.04.06-19.30.22:143][198]LogFbx: =================================================
[2016.04.06-19.30.22:143][198]LogFbx: 	Attribute () Type (4).
[2016.04.06-19.30.22:143][198]LogFbx: 		[Node Attribute Child 1] dennis (Type Mesh).
[2016.04.06-19.30.22:143][198]LogFbx: Dumping Node END [dennis]
[2016.04.06-19.30.22:144][198]LogFbx: SortedLinks :(0) Skeleton
[2016.04.06-19.30.22:144][198]LogFbx: SortedLinks :(1) BN_Root01
[2016.04.06-19.30.22:144][198]LogFbx: SortedLinks :(2) BE_L_PelvisTip01
[2016.04.06-19.30.22:144][198]LogFbx: SortedLinks :(3) BN_Hip01
[2016.04.06-19.30.22:144][198]LogFbx: SortedLinks :(4) BN_Waist01
[2016.04.06-19.30.22:144][198]LogFbx: SortedLinks :(5) BN_MidSpine01
[2016.04.06-19.30.22:144][198]LogFbx: SortedLinks :(6) BN_Chest01
[2016.04.06-19.30.22:144][198]LogFbx: SortedLinks :(7) BN_LowerNeck01
[2016.04.06-19.30.22:144][198]LogFbx: SortedLinks :(8) BN_UpperNeck01
[2016.04.06-19.30.22:144][198]LogFbx: SortedLinks :(9) BN_Head01
[2016.04.06-19.30.22:144][198]LogFbx: SortedLinks :(10) BE_HeadTip01
[2016.04.06-19.30.22:144][198]LogFbx: SortedLinks :(11) LeftArm
[2016.04.06-19.30.22:144][198]LogFbx: SortedLinks :(12) BN_L_Sholder01
[2016.04.06-19.30.22:144][198]LogFbx: SortedLinks :(13) BN_L_Elbow01
[2016.04.06-19.30.22:144][198]LogFbx: SortedLinks :(14) BN_L_LowerArm01
[2016.04.06-19.30.22:144][198]LogFbx: SortedLinks :(15) BN_L_Wrist01
[2016.04.06-19.30.22:144][198]LogFbx: SortedLinks :(16) BN_L_Middlefirst01
[2016.04.06-19.30.22:144][198]LogFbx: SortedLinks :(17) BN_L_Middlesecond01
[2016.04.06-19.30.22:144][198]LogFbx: SortedLinks :(18) BN_L_Middlethird01
[2016.04.06-19.30.22:144][198]LogFbx: SortedLinks :(19) BN_L_Middleforth01
[2016.04.06-19.30.22:144][198]LogFbx: SortedLinks :(20) BE_L_Middletip01
[2016.04.06-19.30.22:144][198]LogFbx: SortedLinks :(21) BN_L_Indexfirst01
[2016.04.06-19.30.22:144][198]LogFbx: SortedLinks :(22) BN_L_Indexsecond01
[2016.04.06-19.30.22:144][198]LogFbx: SortedLinks :(23) BN_L_Indexthird01
[2016.04.06-19.30.22:144][198]LogFbx: SortedLinks :(24) BN_L_Indexforth01
[2016.04.06-19.30.22:144][198]LogFbx: SortedLinks :(25) BE_L_Indextip01
[2016.04.06-19.30.22:144][198]LogFbx: SortedLinks :(26) BN_L_Ringfirst01
[2016.04.06-19.30.22:144][198]LogFbx: SortedLinks :(27) BN_L_Ringsecond01
[2016.04.06-19.30.22:144][198]LogFbx: SortedLinks :(28) BN_L_Ringsthird01
[2016.04.06-19.30.22:144][198]LogFbx: SortedLinks :(29) BN_L_Ringsforth01
[2016.04.06-19.30.22:144][198]LogFbx: SortedLinks :(30) BE_L_Ringstip01
[2016.04.06-19.30.22:144][198]LogFbx: SortedLinks :(31) BN_L_Pinkyfirst01
[2016.04.06-19.30.22:144][198]LogFbx: SortedLinks :(32) BN_L_Pinkysecond01
[2016.04.06-19.30.22:144][198]LogFbx: SortedLinks :(33) BN_L_Pinkythird01
[2016.04.06-19.30.22:144][198]LogFbx: SortedLinks :(34) BN_L_Pinkyforth01
[2016.04.06-19.30.22:144][198]LogFbx: SortedLinks :(35) BN_L_Thumbfirst01
[2016.04.06-19.30.22:144][198]LogFbx: SortedLinks :(36) BN_L_Thumbsecond01
[2016.04.06-19.30.22:144][198]LogFbx: SortedLinks :(37) BN_L_Thumbthird01
[2016.04.06-19.30.22:144][198]LogFbx: SortedLinks :(38) BN_L_Thumbforth01
[2016.04.06-19.30.22:144][198]LogFbx: SortedLinks :(39) BN_R_Sholder01
[2016.04.06-19.30.22:144][198]LogFbx: SortedLinks :(40) BN_R_Elbow01
[2016.04.06-19.30.22:144][198]LogFbx: SortedLinks :(41) BN_R_LowerArm01
[2016.04.06-19.30.22:144][198]LogFbx: SortedLinks :(42) BN_R_Wrist01
[2016.04.06-19.30.22:144][198]LogFbx: SortedLinks :(43) BN_R_Middlefirst01
[2016.04.06-19.30.22:144][198]LogFbx: SortedLinks :(44) BN_R_Middlesecond01
[2016.04.06-19.30.22:144][198]LogFbx: SortedLinks :(45) BN_R_Middlethird01
[2016.04.06-19.30.22:144][198]LogFbx: SortedLinks :(46) BN_R_Middleforth01
[2016.04.06-19.30.22:144][198]LogFbx: SortedLinks :(47) BE_R_Middletip01
[2016.04.06-19.30.22:144][198]LogFbx: SortedLinks :(48) BN_R_Indexfirst01
[2016.04.06-19.30.22:144][198]LogFbx: SortedLinks :(49) BN_R_Indexsecond01
[2016.04.06-19.30.22:144][198]LogFbx: SortedLinks :(50) BN_R_Indexthird01
[2016.04.06-19.30.22:144][198]LogFbx: SortedLinks :(51) BN_R_Indexforth01
[2016.04.06-19.30.22:144][198]LogFbx: SortedLinks :(52) BE_R_Indextip01
[2016.04.06-19.30.22:144][198]LogFbx: SortedLinks :(53) BN_R_Ringfirst01
[2016.04.06-19.30.22:144][198]LogFbx: SortedLinks :(54) BN_R_Ringsecond01
[2016.04.06-19.30.22:144][198]LogFbx: SortedLinks :(55) BN_R_Ringsthird01
[2016.04.06-19.30.22:144][198]LogFbx: SortedLinks :(56) BN_R_Ringsforth01
[2016.04.06-19.30.22:144][198]LogFbx: SortedLinks :(57) BE_R_Ringstip01
[2016.04.06-19.30.22:144][198]LogFbx: SortedLinks :(58) BN_R_Pinkyfirst01
[2016.04.06-19.30.22:144][198]LogFbx: SortedLinks :(59) BN_R_Pinkysecond01
[2016.04.06-19.30.22:144][198]LogFbx: SortedLinks :(60) BN_R_Pinkythird01
[2016.04.06-19.30.22:144][198]LogFbx: SortedLinks :(61) BN_R_Pinkyforth01
[2016.04.06-19.30.22:144][198]LogFbx: SortedLinks :(62) BE_R_Pinkytip01
[2016.04.06-19.30.22:144][198]LogFbx: SortedLinks :(63) BN_R_Thumbfirst01
[2016.04.06-19.30.22:144][198]LogFbx: SortedLinks :(64) BN_R_Thumbsecond01
[2016.04.06-19.30.22:144][198]LogFbx: SortedLinks :(65) BN_R_Thumbthird01
[2016.04.06-19.30.22:144][198]LogFbx: SortedLinks :(66) BN_R_Thumbforth01
[2016.04.06-19.30.22:144][198]LogFbx: SortedLinks :(67) BN_R_Weapon01
[2016.04.06-19.30.22:144][198]LogFbx: SortedLinks :(68) Hips
[2016.04.06-19.30.22:144][198]LogFbx: SortedLinks :(69) BN_L_Thigh01
[2016.04.06-19.30.22:144][198]LogFbx: SortedLinks :(70) BN_L_Knee01
[2016.04.06-19.30.22:144][198]LogFbx: SortedLinks :(71) BN_L_Ankle01
[2016.04.06-19.30.22:144][198]LogFbx: SortedLinks :(72) BN_L_Foot01
[2016.04.06-19.30.22:144][198]LogFbx: SortedLinks :(73) BE_L_FootTip01
[2016.04.06-19.30.22:144][198]LogFbx: SortedLinks :(74) BN_R_Thigh01
[2016.04.06-19.30.22:144][198]LogFbx: SortedLinks :(75) BN_R_Knee01
[2016.04.06-19.30.22:144][198]LogFbx: SortedLinks :(76) BN_R_Ankle01
[2016.04.06-19.30.22:144][198]LogFbx: SortedLinks :(77) BN_R_Foot01
[2016.04.06-19.30.22:144][198]LogFbx: SortedLinks :(78) BE_R_FootTip01
[2016.04.06-19.30.22:145][198]LogFbx: Parsing AnimStack Take 001
[2016.04.06-19.30.22:164][198]LogLinker:Warning: Can't find file '/Game/FirstPerson/Animations/Dennis/Dennis_WB_Run_Anim'
[2016.04.06-19.30.22:164][198]LogLinker:Warning: Can't find file '/Game/FirstPerson/Animations/Dennis/Dennis_WB_Run_Anim'
[2016.04.06-19.30.22:164][198]LogUObjectGlobals:Warning: Failed to find object 'Object /Game/FirstPerson/Animations/Dennis/Dennis_WB_Run_Anim.Dennis_WB_Run_Anim'
[2016.04.06-19.30.22:473][198]FBXImport:Warning: Warning Warning: No smoothing group information was found in this FBX scene.  Please make sure to enable the 'Export Smoothing Groups' option in the FBX Exporter plug-in before exporting the file.  Even for tools that don't support smoothing groups, the FBX Exporter will generate appropriate smoothing data at export-time so that correct vertex normals can be inferred while importing. 
[2016.04.06-19.30.25:155][206]LogD3D11RHI: Timed out while waiting for GPU to catch up. (0.5 s)
[2016.04.06-19.30.25:937][208]LogD3D11RHI: Timed out while waiting for GPU to catch up. (0.5 s)
[2016.04.06-19.30.26:681][210]LogD3D11RHI: Timed out while waiting for GPU to catch up. (0.5 s)
[2016.04.06-19.30.28:137][214]LogD3D11RHI: Timed out while waiting for GPU to catch up. (0.5 s)
[2016.04.06-19.30.28:803][216]LogD3D11RHI: Timed out while waiting for GPU to catch up. (0.5 s)
[2016.04.06-19.30.29:458][218]LogD3D11RHI: Timed out while waiting for GPU to catch up. (0.5 s)
[2016.04.06-19.30.30:136][220]LogD3D11RHI: Timed out while waiting for GPU to catch up. (0.5 s)
[2016.04.06-19.30.30:794][222]LogD3D11RHI: Timed out while waiting for GPU to catch up. (0.5 s)
[2016.04.06-19.30.31:466][224]LogD3D11RHI: Timed out while waiting for GPU to catch up. (0.5 s)
[2016.04.06-19.30.32:130][226]LogD3D11RHI: Timed out while waiting for GPU to catch up. (0.5 s)
[2016.04.06-19.30.32:793][228]LogD3D11RHI: Timed out while waiting for GPU to catch up. (0.5 s)
[2016.04.06-19.30.33:463][230]LogD3D11RHI: Timed out while waiting for GPU to catch up. (0.5 s)
[2016.04.06-19.30.34:133][232]LogD3D11RHI: Timed out while waiting for GPU to catch up. (0.5 s)
[2016.04.06-19.30.34:797][234]LogD3D11RHI: Timed out while waiting for GPU to catch up. (0.5 s)
[2016.04.06-19.30.35:462][236]LogD3D11RHI: Timed out while waiting for GPU to catch up. (0.5 s)
[2016.04.06-19.30.36:132][238]LogD3D11RHI: Timed out while waiting for GPU to catch up. (0.5 s)
[2016.04.06-19.30.36:788][240]LogD3D11RHI: Timed out while waiting for GPU to catch up. (0.5 s)
[2016.04.06-19.30.37:448][242]LogD3D11RHI: Timed out while waiting for GPU to catch up. (0.5 s)
[2016.04.06-19.30.38:783][246]LogD3D11RHI: Timed out while waiting for GPU to catch up. (0.5 s)
[2016.04.06-19.30.39:441][248]LogD3D11RHI: Timed out while waiting for GPU to catch up. (0.5 s)
[2016.04.06-19.30.40:104][250]LogD3D11RHI: Timed out while waiting for GPU to catch up. (0.5 s)
[2016.04.06-19.30.40:766][252]LogD3D11RHI: Timed out while waiting for GPU to catch up. (0.5 s)
[2016.04.06-19.30.41:439][254]LogD3D11RHI: Timed out while waiting for GPU to catch up. (0.5 s)
[2016.04.06-19.30.42:101][256]LogD3D11RHI: Timed out while waiting for GPU to catch up. (0.5 s)
[2016.04.06-19.30.42:761][258]LogD3D11RHI: Timed out while waiting for GPU to catch up. (0.5 s)
[2016.04.06-19.30.43:422][260]LogD3D11RHI: Timed out while waiting for GPU to catch up. (0.5 s)
[2016.04.06-19.30.44:089][262]LogD3D11RHI: Timed out while waiting for GPU to catch up. (0.5 s)
[2016.04.06-19.30.44:757][264]LogD3D11RHI: Timed out while waiting for GPU to catch up. (0.5 s)
[2016.04.06-19.30.45:418][266]LogD3D11RHI: Timed out while waiting for GPU to catch up. (0.5 s)
[2016.04.06-19.30.46:079][268]LogD3D11RHI: Timed out while waiting for GPU to catch up. (0.5 s)
[2016.04.06-19.30.46:744][270]LogD3D11RHI: Timed out while waiting for GPU to catch up. (0.5 s)
[2016.04.06-19.30.47:418][272]LogD3D11RHI: Timed out while waiting for GPU to catch up. (0.5 s)
[2016.04.06-19.30.52:171][277]LogPhysics:Warning: FConstraintInstance::GetRefFrame : Contained scale.
[2016.04.06-19.30.52:171][277]LogSkeletalMesh: InitArticulated: Bodies already created (/Engine/Transient.DebugSkelMeshComponent_0) - call TermArticulated first.
[2016.04.06-19.30.52:301][277]LogContentBrowser:Verbose: The majority of assets in the view are of type: AnimSequence
[2016.04.06-19.31.05:222][315]LogD3D11RHI: Timed out while waiting for GPU to catch up. (0.5 s)
[2016.04.06-19.31.07:859][323]LogD3D11RHI: Timed out while waiting for GPU to catch up. (0.5 s)
[2016.04.06-19.31.09:363][327]LogD3D11RHI: Timed out while waiting for GPU to catch up. (0.5 s)
[2016.04.06-19.31.11:646][332]LogD3D11RHI: Timed out while waiting for GPU to catch up. (0.5 s)
[2016.04.06-19.31.13:963][337]LogSavePackage: Save=12.64ms
[2016.04.06-19.31.13:963][337]LogSavePackage: Moving '../../../../../../temp/BirdsEyeTerrace/Saved/Dennis_WB_Run_AnimF17108E14AB09664E74F10BADC2A683D.tmp' to '../../../../../../temp/BirdsEyeTerrace/Content/FirstPerson/Animations/Dennis/Dennis_WB_Run_Anim.uasset'
[2016.04.06-19.31.13:965][337]LogSavePackage: Total save time: 14.78ms
[2016.04.06-19.31.13:965][337]LogSavePackage:Display: Finished SavePackage ../../../../../../temp/BirdsEyeTerrace/Content/FirstPerson/Animations/Dennis/Dennis_WB_Run_Anim.uasset
[2016.04.06-19.31.13:979][337]LogSavePackage: Save=2.72ms
[2016.04.06-19.31.13:979][337]LogSavePackage: Moving '../../../../../../temp/BirdsEyeTerrace/Saved/Dennis_WB_Run_Skeleton6C64AC344DF01479CFDB8BB0B08FBC2B.tmp' to '../../../../../../temp/BirdsEyeTerrace/Content/FirstPerson/Animations/Dennis/Dennis_WB_Run_Skeleton.uasset'
[2016.04.06-19.31.13:981][337]LogSavePackage: Total save time: 4.86ms
[2016.04.06-19.31.13:981][337]LogSavePackage:Display: Finished SavePackage ../../../../../../temp/BirdsEyeTerrace/Content/FirstPerson/Animations/Dennis/Dennis_WB_Run_Skeleton.uasset
[2016.04.06-19.31.14:007][337]LogSavePackage: Save=14.74ms
[2016.04.06-19.31.14:007][337]LogSavePackage: Moving '../../../../../../temp/BirdsEyeTerrace/Saved/Dennis_WB_Run_PhysicsAssetAF5F32AF4413E4554AEEBD9ECF1D7437.tmp' to '../../../../../../temp/BirdsEyeTerrace/Content/FirstPerson/Animations/Dennis/Dennis_WB_Run_PhysicsAsset.uasset'
[2016.04.06-19.31.14:009][337]LogSavePackage: Total save time: 17.00ms
[2016.04.06-19.31.14:009][337]LogSavePackage:Display: Finished SavePackage ../../../../../../temp/BirdsEyeTerrace/Content/FirstPerson/Animations/Dennis/Dennis_WB_Run_PhysicsAsset.uasset
[2016.04.06-19.31.14:061][337]Cmd: OBJ SAVEPACKAGE PACKAGE="/Game/FirstPerson/Animations/Dennis/Dennis_WB_Run" FILE="../../../../../../temp/BirdsEyeTerrace/Content/FirstPerson/Animations/Dennis/Dennis_WB_Run.uasset" SILENT=true
[2016.04.06-19.31.14:111][337]LogSavePackage: Save=48.09ms
[2016.04.06-19.31.14:111][337]LogSavePackage: Moving '../../../../../../temp/BirdsEyeTerrace/Saved/Dennis_WB_RunA636B70E47245E7B5C3C0581D7B611FA.tmp' to '../../../../../../temp/BirdsEyeTerrace/Content/FirstPerson/Animations/Dennis/Dennis_WB_Run.uasset'
[2016.04.06-19.31.14:113][337]LogSavePackage: Total save time: 50.52ms
[2016.04.06-19.31.14:113][337]LogSavePackage:Display: Finished SavePackage ../../../../../../temp/BirdsEyeTerrace/Content/FirstPerson/Animations/Dennis/Dennis_WB_Run.uasset
[2016.04.06-19.31.15:971][343]LogD3D11RHI: Timed out while waiting for GPU to catch up. (0.5 s)
[2016.04.06-19.33.46:183][796]LogD3D11RHI: Timed out while waiting for GPU to catch up. (0.5 s)
[2016.04.06-19.33.46:848][798]LogD3D11RHI: Timed out while waiting for GPU to catch up. (0.5 s)
[2016.04.06-19.33.49:246][804]LogD3D11RHI: Timed out while waiting for GPU to catch up. (0.5 s)
[2016.04.06-19.33.50:267][808]LogD3D11RHI: Timed out while waiting for GPU to catch up. (0.5 s)
[2016.04.06-19.43.11:332][492]LogD3D11RHI: Timed out while waiting for GPU to catch up. (0.5 s)
[2016.04.06-19.43.12:854][496]LogD3D11RHI: Timed out while waiting for GPU to catch up. (0.5 s)
[2016.04.06-19.43.13:597][498]LogD3D11RHI: Timed out while waiting for GPU to catch up. (0.5 s)
[2016.04.06-19.43.14:358][500]LogD3D11RHI: Timed out while waiting for GPU to catch up. (0.5 s)
[2016.04.06-19.43.15:040][502]LogD3D11RHI: Timed out while waiting for GPU to catch up. (0.5 s)
[2016.04.06-19.43.15:719][503]LogD3D11RHI: Timed out while waiting for GPU to catch up. (0.5 s)
[2016.04.06-19.43.19:325][514]LogD3D11RHI: Timed out while waiting for GPU to catch up. (0.5 s)
[2016.04.06-19.43.33:858][556]LogD3D11RHI: Timed out while waiting for GPU to catch up. (0.5 s)
[2016.04.06-19.43.34:886][560]LogD3D11RHI: Timed out while waiting for GPU to catch up. (0.5 s)
[2016.04.06-19.43.35:549][562]LogD3D11RHI: Timed out while waiting for GPU to catch up. (0.5 s)
[2016.04.06-19.43.36:208][564]LogD3D11RHI: Timed out while waiting for GPU to catch up. (0.5 s)
[2016.04.06-19.43.36:867][566]LogD3D11RHI: Timed out while waiting for GPU to catch up. (0.5 s)
[2016.04.06-19.43.37:526][568]LogD3D11RHI: Timed out while waiting for GPU to catch up. (0.5 s)
[2016.04.06-19.43.38:187][570]LogD3D11RHI: Timed out while waiting for GPU to catch up. (0.5 s)
[2016.04.06-19.43.38:840][572]LogD3D11RHI: Timed out while waiting for GPU to catch up. (0.5 s)
[2016.04.06-19.43.39:497][574]LogD3D11RHI: Timed out while waiting for GPU to catch up. (0.5 s)
[2016.04.06-19.43.40:154][576]LogD3D11RHI: Timed out while waiting for GPU to catch up. (0.5 s)
[2016.04.06-19.43.41:487][580]LogD3D11RHI: Timed out while waiting for GPU to catch up. (0.5 s)
[2016.04.06-20.00.06:221][533]LogD3D11RHI: Timed out while waiting for GPU to catch up. (0.5 s)
[2016.04.06-20.00.09:537][543]LogD3D11RHI: Timed out while waiting for GPU to catch up. (0.5 s)
[2016.04.06-20.00.10:209][545]LogD3D11RHI: Timed out while waiting for GPU to catch up. (0.5 s)
[2016.04.06-20.00.11:522][549]LogD3D11RHI: Timed out while waiting for GPU to catch up. (0.5 s)
[2016.04.06-20.00.12:848][553]LogD3D11RHI: Timed out while waiting for GPU to catch up. (0.5 s)
[2016.04.06-20.00.14:359][558]LogD3D11RHI: Timed out while waiting for GPU to catch up. (0.5 s)
[2016.04.06-20.00.17:114][564]LogD3D11RHI: Timed out while waiting for GPU to catch up. (0.5 s)
[2016.04.06-20.00.18:078][568]LogD3D11RHI: Timed out while waiting for GPU to catch up. (0.5 s)
[2016.04.06-20.00.18:736][570]LogD3D11RHI: Timed out while waiting for GPU to catch up. (0.5 s)
[2016.04.06-20.00.19:388][572]LogD3D11RHI: Timed out while waiting for GPU to catch up. (0.5 s)
[2016.04.06-20.00.20:046][574]LogD3D11RHI: Timed out while waiting for GPU to catch up. (0.5 s)
[2016.04.06-20.00.20:704][576]LogD3D11RHI: Timed out while waiting for GPU to catch up. (0.5 s)
[2016.04.06-20.00.21:371][578]LogD3D11RHI: Timed out while waiting for GPU to catch up. (0.5 s)
[2016.04.06-20.00.22:040][580]LogD3D11RHI: Timed out while waiting for GPU to catch up. (0.5 s)
[2016.04.06-20.00.22:701][582]LogD3D11RHI: Timed out while waiting for GPU to catch up. (0.5 s)
[2016.04.06-20.00.23:354][584]LogD3D11RHI: Timed out while waiting for GPU to catch up. (0.5 s)
[2016.04.06-20.00.24:012][586]LogD3D11RHI: Timed out while waiting for GPU to catch up. (0.5 s)
[2016.04.06-20.00.24:673][588]LogD3D11RHI: Timed out while waiting for GPU to catch up. (0.5 s)
[2016.04.06-20.00.25:340][590]LogD3D11RHI: Timed out while waiting for GPU to catch up. (0.5 s)
[2016.04.06-20.00.28:973][599]LogD3D11RHI: Timed out while waiting for GPU to catch up. (0.5 s)
[2016.04.06-20.00.29:947][603]LogD3D11RHI: Timed out while waiting for GPU to catch up. (0.5 s)
[2016.04.06-20.00.30:609][605]LogD3D11RHI: Timed out while waiting for GPU to catch up. (0.5 s)
[2016.04.06-20.00.31:265][607]LogD3D11RHI: Timed out while waiting for GPU to catch up. (0.5 s)
[2016.04.06-20.00.31:931][609]LogD3D11RHI: Timed out while waiting for GPU to catch up. (0.5 s)
[2016.04.06-20.44.28:492][517]LogWindowsTextInputMethodSystem:Display: IME system now deactivated.
[2016.04.06-20.44.28:861][518]Cmd: QUIT_EDITOR
[2016.04.06-20.44.29:024][518]LogExit: Preparing to exit.
[2016.04.06-20.44.29:291][518]LogActorComponent: UnregisterComponent: (None.None) Not registered. Aborting.
[2016.04.06-20.44.29:292][518]LogActorComponent: UnregisterComponent: (None.None) Not registered. Aborting.
[2016.04.06-20.44.29:292][518]LogActorComponent: UnregisterComponent: (None.None) Not registered. Aborting.
[2016.04.06-20.44.29:292][518]LogActorComponent: UnregisterComponent: (None.None) Not registered. Aborting.
[2016.04.06-20.44.29:292][518]LogActorComponent: UnregisterComponent: (None.None) Not registered. Aborting.
[2016.04.06-20.44.29:292][518]LogActorComponent: UnregisterComponent: (None.None) Not registered. Aborting.
[2016.04.06-20.44.29:292][518]LogActorComponent: UnregisterComponent: (None.None) Not registered. Aborting.
[2016.04.06-20.44.29:292][518]LogActorComponent: UnregisterComponent: (None.None) Not registered. Aborting.
[2016.04.06-20.44.29:292][518]LogActorComponent: UnregisterComponent: (None.None) Not registered. Aborting.
[2016.04.06-20.44.29:292][518]LogActorComponent: UnregisterComponent: (None.None) Not registered. Aborting.
[2016.04.06-20.44.29:292][518]LogActorComponent: UnregisterComponent: (None.None) Not registered. Aborting.
[2016.04.06-20.44.29:292][518]LogActorComponent: UnregisterComponent: (None.None) Not registered. Aborting.
[2016.04.06-20.44.29:340][518]LogExit: Editor shut down
[2016.04.06-20.44.29:350][518]LogExit: Transaction tracking system shut down
[2016.04.06-20.44.29:551][518]LogObj: Freed 0b from 0 cluster array pools.
[2016.04.06-20.44.29:551][518]LogExit: Object subsystem successfully closed.
[2016.04.06-20.44.29:571][518]LogD3D11RHI: Shutdown
[2016.04.06-20.44.29:571][518]LogD3D11RHI: CleanupD3DDevice
[2016.04.06-20.44.29:625][518]LogD3D11RHI: ~FD3D11DynamicRHI
[2016.04.06-20.44.29:653][518]LogDerivedDataCache: Shutdown
[2016.04.06-20.44.29:653][518]LogModuleManager: Shutting down and abandoning module HierarchicalLODOutliner (204)
[2016.04.06-20.44.29:653][518]LogModuleManager: Shutting down and abandoning module CrashTracker (203)
[2016.04.06-20.44.29:653][518]LogModuleManager: Shutting down and abandoning module SceneOutliner (202)
[2016.04.06-20.44.29:653][518]LogModuleManager: Shutting down and abandoning module SuperSearch (201)
[2016.04.06-20.44.29:654][518]LogModuleManager: Shutting down and abandoning module WidgetCarousel (200)
[2016.04.06-20.44.29:654][518]LogModuleManager: Shutting down and abandoning module AddContentDialog (199)
[2016.04.06-20.44.29:658][518]LogModuleManager: Shutting down and abandoning module GameplayTags (198)
[2016.04.06-20.44.29:658][518]LogModuleManager: Shutting down and abandoning module EditorWidgets (197)
[2016.04.06-20.44.29:658][518]LogModuleManager: Shutting down and abandoning module CollectionManager (196)
[2016.04.06-20.44.29:658][518]LogModuleManager: Shutting down and abandoning module StatsViewer (195)
[2016.04.06-20.44.29:658][518]LogModuleManager: Shutting down and abandoning module FoliageEdit (194)
[2016.04.06-20.44.29:658][518]LogModuleManager: Shutting down and abandoning module LandscapeEditor (193)
[2016.04.06-20.44.29:658][518]LogModuleManager: Shutting down and abandoning module ActorPickerMode (192)
[2016.04.06-20.44.29:658][518]LogModuleManager: Shutting down and abandoning module GeometryMode (191)
[2016.04.06-20.44.29:658][518]LogModuleManager: Shutting down and abandoning module TextureAlignMode (190)
[2016.04.06-20.44.29:658][518]LogModuleManager: Shutting down and abandoning module BspMode (189)
[2016.04.06-20.44.29:658][518]LogModuleManager: Shutting down and abandoning module PlacementMode (188)
[2016.04.06-20.44.29:658][518]LogModuleManager: Shutting down and abandoning module AutomationWorker (187)
[2016.04.06-20.44.29:658][518]LogModuleManager: Shutting down and abandoning module CharacterAI (186)
[2016.04.06-20.44.29:658][518]LogModuleManager: Shutting down and abandoning module SmartSnapping (185)
[2016.04.06-20.44.29:658][518]LogModuleManager: Shutting down and abandoning module ViewportSnapping (184)
[2016.04.06-20.44.29:658][518]LogModuleManager: Shutting down and abandoning module LogVisualizer (183)
[2016.04.06-20.44.29:659][518]LogModuleManager: Shutting down and abandoning module GameProjectGeneration (182)
[2016.04.06-20.44.29:659][518]LogModuleManager: Shutting down and abandoning module IntroTutorials (181)
[2016.04.06-20.44.29:659][518]LogModuleManager: Shutting down and abandoning module EditorLiveStreaming (180)
[2016.04.06-20.44.29:659][518]LogModuleManager: Shutting down and abandoning module IOSPlatformEditor (179)
[2016.04.06-20.44.29:659][518]LogModuleManager: Shutting down and abandoning module HTML5PlatformEditor (178)
[2016.04.06-20.44.29:659][518]LogModuleManager: Shutting down and abandoning module AndroidDeviceDetection (177)
[2016.04.06-20.44.29:972][518]LogModuleManager: Shutting down and abandoning module AndroidPlatformEditor (176)
[2016.04.06-20.44.29:972][518]LogModuleManager: Shutting down and abandoning module IOSRuntimeSettings (175)
[2016.04.06-20.44.29:972][518]LogModuleManager: Shutting down and abandoning module AndroidRuntimeSettings (174)
[2016.04.06-20.44.29:972][518]LogModuleManager: Shutting down and abandoning module MergeActors (173)
[2016.04.06-20.44.29:972][518]LogModuleManager: Shutting down and abandoning module SizeMap (172)
[2016.04.06-20.44.29:972][518]LogModuleManager: Shutting down and abandoning module TreeMap (171)
[2016.04.06-20.44.29:972][518]LogModuleManager: Shutting down and abandoning module ReferenceViewer (170)
[2016.04.06-20.44.29:972][518]LogModuleManager: Shutting down and abandoning module LocalizationService (169)
[2016.04.06-20.44.29:972][518]LogModuleManager: Shutting down and abandoning module LocalizationDashboard (168)
[2016.04.06-20.44.29:972][518]LogModuleManager: Shutting down and abandoning module HardwareTargeting (167)
[2016.04.06-20.44.29:972][518]LogModuleManager: Shutting down and abandoning module DeviceProfileEditor (166)
[2016.04.06-20.44.29:972][518]LogModuleManager: Shutting down and abandoning module UndoHistory (165)
[2016.04.06-20.44.29:972][518]LogModuleManager: Shutting down and abandoning module UserFeedback (164)
[2016.04.06-20.44.29:972][518]LogModuleManager: Shutting down and abandoning module XmlParser (163)
[2016.04.06-20.44.29:972][518]LogModuleManager: Shutting down and abandoning module Blutility (162)
[2016.04.06-20.44.29:972][518]LogModuleManager: Shutting down and abandoning module ProjectTargetPlatformEditor (161)
[2016.04.06-20.44.29:972][518]LogModuleManager: Shutting down and abandoning module ProjectSettingsViewer (160)
[2016.04.06-20.44.29:973][518]LogModuleManager: Shutting down and abandoning module InputBindingEditor (159)
[2016.04.06-20.44.29:973][518]LogModuleManager: Shutting down and abandoning module EditorSettingsViewer (158)
[2016.04.06-20.44.29:973][518]LogModuleManager: Shutting down and abandoning module SettingsEditor (157)
[2016.04.06-20.44.29:973][518]LogModuleManager: Shutting down and abandoning module ProjectLauncher (156)
[2016.04.06-20.44.29:973][518]LogModuleManager: Shutting down and abandoning module SessionFrontend (155)
[2016.04.06-20.44.29:973][518]LogModuleManager: Shutting down and abandoning module ProfilerClient (154)
[2016.04.06-20.44.29:973][518]LogModuleManager: Shutting down and abandoning module TargetDeviceServices (153)
[2016.04.06-20.44.29:973][518]LogModuleManager: Shutting down and abandoning module DeviceManager (152)
[2016.04.06-20.44.30:017][518]LogModuleManager: Shutting down and abandoning module AutomationController (151)
[2016.04.06-20.44.30:017][518]LogModuleManager: Shutting down and abandoning module AutomationWindow (150)
[2016.04.06-20.44.30:017][518]LogModuleManager: Shutting down and abandoning module Layers (149)
[2016.04.06-20.44.30:017][518]LogModuleManager: Shutting down and abandoning module ComponentVisualizers (148)
[2016.04.06-20.44.30:017][518]LogModuleManager: Shutting down and abandoning module DetailCustomizations (147)
[2016.04.06-20.44.30:017][518]LogModuleManager: Shutting down and abandoning module PackagesDialog (146)
[2016.04.06-20.44.30:017][518]LogModuleManager: Shutting down and abandoning module Persona (145)
[2016.04.06-20.44.30:017][518]LogModuleManager: Shutting down and abandoning module Kismet (144)
[2016.04.06-20.44.30:017][518]LogModuleManager: Shutting down and abandoning module GraphEditor (143)
[2016.04.06-20.44.30:017][518]LogModuleManager: Shutting down and abandoning module ClassViewer (142)
[2016.04.06-20.44.30:017][518]LogModuleManager: Shutting down and abandoning module Toolbox (141)
[2016.04.06-20.44.30:017][518]LogModuleManager: Shutting down and abandoning module ModuleUI (140)
[2016.04.06-20.44.30:017][518]LogModuleManager: Shutting down and abandoning module MovieSceneTools (139)
[2016.04.06-20.44.30:017][518]LogModuleManager: Shutting down and abandoning module OutputLog (138)
[2016.04.06-20.44.30:017][518]LogModuleManager: Shutting down and abandoning module GammaUI (137)
[2016.04.06-20.44.30:017][518]LogModuleManager: Shutting down and abandoning module Documentation (136)
[2016.04.06-20.44.30:017][518]LogModuleManager: Shutting down and abandoning module StreamingPauseRendering (135)
[2016.04.06-20.44.30:017][518]LogModuleManager: Shutting down and abandoning module AnalyticsET (134)
[2016.04.06-20.44.30:017][518]LogModuleManager: Shutting down and abandoning module Analytics (133)
[2016.04.06-20.44.30:017][518]LogModuleManager: Shutting down and abandoning module PortalServices (132)
[2016.04.06-20.44.30:017][518]LogModuleManager: Shutting down and abandoning module PortalRpc (131)
[2016.04.06-20.44.30:017][518]LogModuleManager: Shutting down and abandoning module MessagingRpc (130)
[2016.04.06-20.44.30:017][518]LogModuleManager: Shutting down and abandoning module AITestSuite (129)
[2016.04.06-20.44.30:017][518]LogModuleManager: Shutting down and abandoning module GameplayDebugger (128)
[2016.04.06-20.44.30:017][518]LogModuleManager: Shutting down and abandoning module AIModule (127)
[2016.04.06-20.44.30:018][518]LogModuleManager: Shutting down and abandoning module ProfilerService (126)
[2016.04.06-20.44.30:031][518]LogModuleManager: Shutting down and abandoning module TaskGraph (125)
[2016.04.06-20.44.30:031][518]LogModuleManager: Shutting down and abandoning module SlateRemote (124)
[2016.04.06-20.44.30:031][518]LogModuleManager: Shutting down and abandoning module SteamVRController (123)
[2016.04.06-20.44.30:031][518]LogModuleManager: Shutting down and abandoning module SteamVR (122)
[2016.04.06-20.44.30:031][518]LogModuleManager: Shutting down and abandoning module ProceduralMeshComponent (121)
[2016.04.06-20.44.30:031][518]LogModuleManager: Shutting down and abandoning module OculusLibrary (120)
[2016.04.06-20.44.30:031][518]LogModuleManager: Shutting down and abandoning module OculusInput (119)
[2016.04.06-20.44.30:031][518]LogModuleManager: Shutting down and abandoning module CustomMeshComponent (118)
[2016.04.06-20.44.30:031][518]LogModuleManager: Shutting down and abandoning module CableComponent (117)
[2016.04.06-20.44.30:031][518]LogModuleManager: Shutting down and abandoning module ArchVisCharacter (116)
[2016.04.06-20.44.30:031][518]LogModuleManager: Shutting down and abandoning module MediaPlayerEditor (115)
[2016.04.06-20.44.30:031][518]LogModuleManager: Shutting down and abandoning module HTML5Networking (114)
[2016.04.06-20.44.30:031][518]LogModuleManager: Shutting down and abandoning module SpeedTreeImporter (113)
[2016.04.06-20.44.30:031][518]LogModuleManager: Shutting down and abandoning module PluginBrowser (112)
[2016.04.06-20.44.30:031][518]LogModuleManager: Shutting down and abandoning module EpicSurvey (111)
[2016.04.06-20.44.30:031][518]LogModuleManager: Shutting down and abandoning module DesktopPlatform (110)
[2016.04.06-20.44.30:031][518]LogModuleManager: Shutting down and abandoning module VisualStudioSourceCodeAccess (109)
[2016.04.06-20.44.30:031][518]LogModuleManager: Shutting down and abandoning module UObjectPlugin (108)
[2016.04.06-20.44.30:031][518]LogModuleManager: Shutting down and abandoning module SubversionSourceControl (107)
[2016.04.06-20.44.30:032][518]LogModuleManager: Shutting down and abandoning module PerforceSourceControl (106)
[2016.04.06-20.44.30:032][518]LogModuleManager: Shutting down and abandoning module SourceControl (105)
[2016.04.06-20.44.30:032][518]LogModuleManager: Shutting down and abandoning module GitSourceControl (104)
[2016.04.06-20.44.30:032][518]LogModuleManager: Shutting down and abandoning module LightPropagationVolumeEditor (103)
[2016.04.06-20.44.30:032][518]LogModuleManager: Shutting down and abandoning module PaperTiledImporter (102)
[2016.04.06-20.44.30:032][518]LogModuleManager: Shutting down and abandoning module PaperSpriteSheetImporter (101)
[2016.04.06-20.44.30:032][518]LogModuleManager: Shutting down and abandoning module MeshPaint (100)
[2016.04.06-20.44.30:032][518]LogModuleManager: Shutting down and abandoning module HotReload (99)
[2016.04.06-20.44.30:032][518]LogModuleManager: Shutting down and abandoning module MainFrame (98)
[2016.04.06-20.44.30:032][518]LogModuleManager: Shutting down and abandoning module LevelEditor (97)
[2016.04.06-20.44.30:033][518]LogModuleManager: Shutting down and abandoning module DirectoryWatcher (96)
[2016.04.06-20.44.30:036][518]LogModuleManager: Shutting down and abandoning module AssetRegistry (95)
[2016.04.06-20.44.30:237][518]LogModuleManager: Shutting down and abandoning module ContentBrowser (94)
[2016.04.06-20.44.30:238][518]LogModuleManager: Shutting down and abandoning module Paper2DEditor (93)
[2016.04.06-20.44.30:238][518]LogModuleManager: Shutting down and abandoning module BET (92)
[2016.04.06-20.44.30:238][518]LogModuleManager: Shutting down and abandoning module UdpMessaging (91)
[2016.04.06-20.44.30:339][518]LogModuleManager: Shutting down and abandoning module LightPropagationVolumeRuntime (90)
[2016.04.06-20.44.30:339][518]LogModuleManager: Shutting down and abandoning module Paper2D (89)
[2016.04.06-20.44.30:339][518]LogModuleManager: Shutting down and abandoning module WindowsMoviePlayer (88)
[2016.04.06-20.44.30:339][518]LogModuleManager: Shutting down and abandoning module Media (87)
[2016.04.06-20.44.30:339][518]LogModuleManager: Shutting down and abandoning module WmfMedia (86)
[2016.04.06-20.44.30:339][518]LogModuleManager: Shutting down and abandoning module GameLiveStreaming (85)
[2016.04.06-20.44.30:339][518]LogModuleManager: Shutting down and abandoning module GameplayTagsEditor (84)
[2016.04.06-20.44.30:339][518]LogModuleManager: Shutting down and abandoning module OnlineBlueprintSupport (83)
[2016.04.06-20.44.30:339][518]LogModuleManager: Shutting down and abandoning module GameplayTasksEditor (82)
[2016.04.06-20.44.30:339][518]LogModuleManager: Shutting down and abandoning module PropertyEditor (81)
[2016.04.06-20.44.30:339][518]LogModuleManager: Shutting down and abandoning module BehaviorTreeEditor (80)
[2016.04.06-20.44.30:339][518]LogModuleManager: Shutting down and abandoning module FunctionalTesting (79)
[2016.04.06-20.44.30:339][518]LogModuleManager: Shutting down and abandoning module CollisionAnalyzer (78)
[2016.04.06-20.44.30:339][518]LogModuleManager: Shutting down and abandoning module WorkspaceMenuStructure (77)
[2016.04.06-20.44.30:339][518]LogModuleManager: Shutting down and abandoning module MessageLog (76)
[2016.04.06-20.44.30:339][518]LogModuleManager: Shutting down and abandoning module Sequencer (75)
[2016.04.06-20.44.30:339][518]LogModuleManager: Shutting down and abandoning module AssetTools (74)
[2016.04.06-20.44.30:339][518]LogModuleManager: Shutting down and abandoning module UMGEditor (73)
[2016.04.06-20.44.30:339][518]LogModuleManager: Shutting down and abandoning module UMG (72)
[2016.04.06-20.44.30:339][518]LogModuleManager: Shutting down and abandoning module SlateReflector (71)
[2016.04.06-20.44.30:339][518]LogModuleManager: Shutting down and abandoning module Slate (70)
[2016.04.06-20.44.30:339][518]LogModuleManager: Shutting down and abandoning module EditorStyle (69)
[2016.04.06-20.44.30:342][518]LogModuleManager: Shutting down and abandoning module SessionServices (68)
[2016.04.06-20.44.30:342][518]LogModuleManager: Shutting down and abandoning module SourceCodeAccess (67)
[2016.04.06-20.44.30:342][518]LogModuleManager: Shutting down and abandoning module HeadMountedDisplay (66)
[2016.04.06-20.44.30:342][518]LogModuleManager: Shutting down and abandoning module XAudio2 (65)
[2016.04.06-20.44.30:342][518]LogModuleManager: Shutting down and abandoning module Networking (63)
[2016.04.06-20.44.30:342][518]LogModuleManager: Shutting down and abandoning module Core (62)
[2016.04.06-20.44.30:342][518]LogModuleManager: Shutting down and abandoning module KismetCompiler (61)
[2016.04.06-20.44.30:342][518]LogModuleManager: Shutting down and abandoning module PhysXFormats (60)
[2016.04.06-20.44.30:342][518]LogModuleManager: Shutting down and abandoning module MeshUtilities (59)
[2016.04.06-20.44.30:342][518]LogModuleManager: Shutting down and abandoning module CookingStats (58)
[2016.04.06-20.44.30:342][518]LogModuleManager: Shutting down and abandoning module DerivedDataCache (57)
[2016.04.06-20.44.30:342][518]LogDerivedDataCache: Shutdown
[2016.04.06-20.44.30:342][518]LogModuleManager: Shutting down and abandoning module ShaderFormatOpenGL (56)
[2016.04.06-20.44.30:342][518]LogModuleManager: Shutting down and abandoning module ShaderFormatD3D (55)
[2016.04.06-20.44.30:343][518]LogModuleManager: Shutting down and abandoning module MetalShaderFormat (54)
[2016.04.06-20.44.30:343][518]LogModuleManager: Shutting down and abandoning module TextureFormatUncompressed (53)
[2016.04.06-20.44.30:343][518]LogModuleManager: Shutting down and abandoning module TextureFormatPVR (52)
[2016.04.06-20.44.30:343][518]LogModuleManager: Shutting down and abandoning module TextureFormatIntelISPCTexComp (51)
[2016.04.06-20.44.30:343][518]LogModuleManager: Shutting down and abandoning module TextureFormatDXT (50)
[2016.04.06-20.44.30:343][518]LogModuleManager: Shutting down and abandoning module ImageWrapper (49)
[2016.04.06-20.44.30:343][518]LogModuleManager: Shutting down and abandoning module TextureFormatASTC (48)
[2016.04.06-20.44.30:343][518]LogModuleManager: Shutting down and abandoning module TextureFormatAndroid (47)
[2016.04.06-20.44.30:343][518]LogModuleManager: Shutting down and abandoning module AudioFormatOpus (46)
[2016.04.06-20.44.30:343][518]LogModuleManager: Shutting down and abandoning module AudioFormatOgg (45)
[2016.04.06-20.44.30:343][518]LogModuleManager: Shutting down and abandoning module AudioFormatADPCM (44)
[2016.04.06-20.44.30:343][518]LogModuleManager: Shutting down and abandoning module LinuxTargetPlatform (43)
[2016.04.06-20.44.30:343][518]LogModuleManager: Shutting down and abandoning module LinuxServerTargetPlatform (42)
[2016.04.06-20.44.30:343][518]LogModuleManager: Shutting down and abandoning module LinuxNoEditorTargetPlatform (41)
[2016.04.06-20.44.30:343][518]LogModuleManager: Shutting down and abandoning module TVOSTargetPlatform (40)
[2016.04.06-20.44.30:343][518]LogModuleManager: Shutting down and abandoning module Messaging (39)
[2016.04.06-20.44.30:343][518]LogModuleManager: Shutting down and abandoning module IOSTargetPlatform (38)
[2016.04.06-20.44.30:343][518]LogModuleManager: Shutting down and abandoning module HTML5TargetPlatform (37)
[2016.04.06-20.44.30:343][518]LogModuleManager: Shutting down and abandoning module Android_PVRTCTargetPlatform (36)
[2016.04.06-20.44.30:343][518]LogModuleManager: Shutting down and abandoning module Android_MultiTargetPlatform (35)
[2016.04.06-20.44.30:343][518]LogModuleManager: Shutting down and abandoning module Android_ETC2TargetPlatform (34)
[2016.04.06-20.44.30:343][518]LogModuleManager: Shutting down and abandoning module Android_ETC1TargetPlatform (33)
[2016.04.06-20.44.30:343][518]LogModuleManager: Shutting down and abandoning module Android_DXTTargetPlatform (32)
[2016.04.06-20.44.30:343][518]LogModuleManager: Shutting down and abandoning module Android_ATCTargetPlatform (31)
[2016.04.06-20.44.30:343][518]LogModuleManager: Shutting down and abandoning module Android_ASTCTargetPlatform (30)
[2016.04.06-20.44.30:343][518]LogModuleManager: Shutting down and abandoning module AndroidTargetPlatform (29)
[2016.04.06-20.44.30:343][518]LogModuleManager: Shutting down and abandoning module WindowsTargetPlatform (28)
[2016.04.06-20.44.30:343][518]LogModuleManager: Shutting down and abandoning module WindowsServerTargetPlatform (27)
[2016.04.06-20.44.30:343][518]LogModuleManager: Shutting down and abandoning module WindowsNoEditorTargetPlatform (26)
[2016.04.06-20.44.30:343][518]LogModuleManager: Shutting down and abandoning module WindowsClientTargetPlatform (25)
[2016.04.06-20.44.30:343][518]LogModuleManager: Shutting down and abandoning module AllDesktopTargetPlatform (24)
[2016.04.06-20.44.30:343][518]LogModuleManager: Shutting down and abandoning module TargetPlatform (23)
[2016.04.06-20.44.30:343][518]LogModuleManager: Shutting down and abandoning module InputCore (22)
[2016.04.06-20.44.30:343][518]LogModuleManager: Shutting down and abandoning module Settings (21)
[2016.04.06-20.44.30:343][518]LogModuleManager: Shutting down and abandoning module OnlineSubsystem (19)
[2016.04.06-20.44.30:343][518]LogModuleManager: Shutting down and abandoning module HTTP (18)
[2016.04.06-20.44.32:348][518]LogModuleManager: Shutting down and abandoning module XMPP (17)
[2016.04.06-20.44.32:348][518]LogModuleManager: Shutting down and abandoning module OculusRift (16)
[2016.04.06-20.44.32:348][518]LogModuleManager: Shutting down and abandoning module ExampleDeviceProfileSelector (15)
[2016.04.06-20.44.32:348][518]LogModuleManager: Shutting down and abandoning module TextureCompressor (14)
[2016.04.06-20.44.32:349][518]LogModuleManager: Shutting down and abandoning module ShaderCore (13)
[2016.04.06-20.44.32:349][518]LogModuleManager: Shutting down and abandoning module Landscape (12)
[2016.04.06-20.44.32:349][518]LogModuleManager: Shutting down and abandoning module SlateRHIRenderer (11)
[2016.04.06-20.44.32:352][518]LogModuleManager: Shutting down and abandoning module OpenGLDrv (10)
[2016.04.06-20.44.32:352][518]LogModuleManager: Shutting down and abandoning module D3D11RHI (9)
[2016.04.06-20.44.32:352][518]LogModuleManager: Shutting down and abandoning module AnimGraphRuntime (8)
[2016.04.06-20.44.32:352][518]LogModuleManager: Shutting down and abandoning module Renderer (7)
[2016.04.06-20.44.32:352][518]LogModuleManager: Shutting down and abandoning module Engine (6)
[2016.04.06-20.44.32:352][518]LogModuleManager: Shutting down and abandoning module CoreUObject (5)
[2016.04.06-20.44.32:352][518]LogModuleManager: Shutting down and abandoning module NetworkFile (4)
[2016.04.06-20.44.32:352][518]LogModuleManager: Shutting down and abandoning module StreamingFile (3)
[2016.04.06-20.44.32:353][518]LogModuleManager: Shutting down and abandoning module SandboxFile (2)
[2016.04.06-20.44.32:353][518]LogModuleManager: Shutting down and abandoning module PakFile (1)
[2016.04.06-20.44.32:354][518]LogExit: Exiting.
[2016.04.06-20.44.32:356][518]Log file closed, 04/06/16 13:44:32
